-2.051651330878386
-0.23336546907938516
-0.18722656850223618
-0.12217766997418955
-0.25822250729045726
-0.2608564892170904
-0.1378565466912034
-0.27295344919082565
-0.3077810918477626
-0.12133477879778481
-0.2695678911920337
-0.32907333427370045
-0.139182262774773
-0.27506763046263016
-0.3470565306628354
-0.11270188934897654
-0.28997623408527895
-0.34337465931214545
-0.08471317035387213
-0.2758840418005434
-0.3354914857742424
-0.0898207891647271
-0.2838810199116501
-0.34500765998982047
-0.04427888858394667
-0.30630737092179317
-0.3530883301396044
0.010427808445896056
-0.3255602160730929
-0.37629327949433117
0.017916103146201262
-0.33529850101570663
-0.38225588250044545
0.009230291291250105
-0.30923246575634084
-0.3828622838161031
-0.05507760517458341
-0.2025057292110146
-0.23400498783668316
-0.551842580661985
-0.1928894434640978
-0.22947644712743726
-0.4989396640915807
-0.2031590423994508
-0.22643067566729008
-0.48114909697117075
-0.2114712676033657
-0.26526098842511037
-0.5192623504554842
-0.19313214258646919
-0.2984745569290657
-0.521882136566663
-0.19622929357556945
-0.307410089496463
-0.4814077326852521
-0.15450384504061293
-0.3261272000313342
-0.43931422510239554
-0.12315715023149226
-0.32425467850326906
-0.38634333562977247
-0.07357680604951206
-0.28419861537399005
-0.28549459584134146
-0.030126787285889585
-0.22139492802495514
-0.2557988050388601
-0.3777505617871244
-0.34140006575937126
-0.2594027743616722
-0.34157917115119857
-0.38453630664495575
-0.28157417829592835
-0.3235357974676723
-0.39713258463490064
-0.35849541236631965
-0.31054518859984276
-0.4169704721838037
-0.41123984085867943
-0.2961973320908962
-0.4103838975748441
-0.5436740610319606
-0.26739260960499933
-0.40085934343018526
-0.6492897919828836
-0.29160516867460046
-0.39639152587741533
-0.6537253662849729
-0.27935218817226376
-0.3996502249623995
-0.6728089722190707
-0.2766030866390041
-0.4061177133037748
-0.6754131715474786
-0.2736673409025064
-0.4134554156951717
-0.6517954101643468
-0.26615575496054333
-0.4176914421124661
-0.6299625150667693
-0.26326318653438907
-0.4228641165570878
-0.6328555302745208
-0.2774777973443899
-0.41179972558486805
-0.5838887139505692
-0.26014252738846877
-0.42151757845881044
-0.5435723592264251
-0.2555973522201925
-0.4119566865903885
-0.4923517559258233
-0.2071691471496227
-0.4112995555903459
-0.45608515338375266
-0.21711608970435628
-0.39973061151614286
-0.3648769309596076
-0.2046732444751138
-0.38496799139247345
-0.28979855382802905
-0.16624471575466226
-0.3933469727540135
-0.2480830571747626
-0.14695795268239725
-0.3578108337971282
-0.17005029255093454
-0.11961807821618725
-0.3351777421634672
-0.1533578934516217
-0.36545209827077924
-0.2700332025226689
-0.31548822565283474
-0.35096229627610465
-0.3306901648924465
-0.3290680824774048
-0.3441384391026548
-0.35978693789463473
-0.33199043088575464
-0.3406861058558223
-0.373969828673588
-0.4247338924299088
-0.33862905047716896
-0.3758331509914466
-0.4299995379818082
-0.325463503505591
-0.37221115504150437
-0.39630269102324656
-0.30406074579910175
-0.3542054439078899
-0.4035316286183083
-0.30179592523084603
-0.3649978725038651
-0.3859020140023872
-0.31107734800730913
-0.38168647451747223
-0.3637413270370967
-0.32672073889412523
-0.4157055481506913
-0.3778374780541838
-0.32697721868540625
-0.41851854045918474
-0.39019617235139753
-0.3239422477553589
-0.4429336690904618
-0.36036223008459844
-0.3336704369041816
-0.4423691603282485
-0.3176518962756353
-0.32134468051780946
-0.4596669183261228
-0.2882660316682896
-0.33449947673061203
-0.47376923846901076
-0.31212072728020057
-0.35422487586462575
-0.4749044101023668
-0.30356713388859746
-0.3339133018145291
-0.479357718107747
-0.2665054858632649
-0.29798169644571487
-0.4625154721801869
-0.21243483822960452
-0.27391420909373637
-0.45480652633833324
-0.24294106135494212
-0.2560191917821679
-0.4709728570763726
-0.2337195877983579
-0.3101385724196334
-0.44990277180754107
-0.306095271748235
-0.466054382714531
-0.5766746837342369
-0.43372642596851285
-0.45281540341695553
-0.5687756868604682
-0.4236907656795911
-0.452321485008795
-0.5615130028336265
-0.39694237520123465
-0.4488901658919594
-0.5578224893359177
-0.3786194675937591
-0.4477016160152575
-0.5533680083486102
-0.36567271870544216
-0.45357435370520643
-0.5493288589552237
-0.34495856958373755
-0.4477165896130963
-0.5396376440444293
-0.328884634214466
-0.4434837440371206
-0.5348318504808863
-0.3081602510745068
-0.457932484476693
-0.5339721396524476
-0.26551066424465875
-0.4629138430025818
-0.5298477720025276
-0.24492488862755576
-0.46903936906958493
-0.523251412624653
-0.21126056250628705
-0.45903170542268257
-0.5001462660078515
-0.21770351599167026
-0.31163950243239674
-0.30277890119977374
-0.3986247937016186
-0.3252010165247324
-0.3062646065955368
-0.41444405115476696
-0.33790393900677773
-0.3111173501754986
-0.4107106141374664
-0.36791223327860023
-0.3545417115511102
-0.43123316915489085
-0.3803365453545547
-0.38883020269591895
-0.4993591196301635
-0.4106323191641647
-0.4304977739730783
-0.5050130085014909
-0.40661272734663473
-0.4473583437263123
-0.4960622029638956
-0.4152992880564768
-0.46243128850456733
-0.5212752601230161
-0.4169676722790494
-0.4630970568014441
-0.47232496644161603
-0.42207898310504066
-0.4704154319559685
-0.419886750787661
-0.42727991932623205
-0.4878823771921596
-0.41098072546312137
-0.4385393304215169
-0.49576978052672793
-0.3927942316263219
-0.4496699476770908
-0.4947213969222502
-0.3898987109306665
-0.4574710957240911
-0.5079469167506213
-0.38055150492169176
-0.438986099842271
-0.5055804021117672
-0.42471885405849813
-0.4334675937942005
-0.5111889705920059
-0.457663411164561
-0.4366338941932521
-0.513856843890552
-0.4677444740635548
-0.42902213265282235
-0.5182890289312981
-0.5070984666660807
-0.4224004284067571
-0.5220480365673433
-0.5332174937273485
-0.41442343095736234
-0.5199445596302544
-0.5414278128663759
-0.3981256461571155
-0.5196607424796753
-0.5562684096242395
-0.40575875369530223
-0.5176435049860395
-0.5805532889858533
-0.39737169480722734
-0.5143188106125454
-0.5961804495124206
-0.39668652979230584
-0.5151168553836627
-0.5872474926986646
-0.4061187027202968
-0.516958259930294
-0.5704862095581011
-0.38666897611232237
-0.5135507035902269
-0.5988930900128103
-0.40638627302158187
-0.5120298167188794
-0.544422759033677
-0.41270398085384624
-0.5085755792115002
-0.5100186590724747
-0.40478436260092626
-0.5030809082000322
-0.5166118992481762
-0.41833421591925624
-0.4980637175577621
-0.49036317996101964
-0.41150334676151396
-0.49848947093888335
-0.46414378550845664
-0.4270565009812559
-0.49831524931079196
-0.42554492574250274
-0.4399645425354326
-0.5007595800278809
-0.4301969943862026
-0.4552114078565454
-0.5110381495880176
-0.44982004464749253
-0.46848968422113835
-0.5154776251134353
-0.43873045368601
-0.47281465809135953
-0.5182285450563416
-0.46467958099509277
-0.4687943856847865
-0.5281117518307408
-0.44068896483417014
-0.46684040618979844
-0.5269965741853329
-0.45213425484009195
-0.46419844611060074
-0.5274572851018705
-0.44963072525627146
-0.471161949623648
-0.5274572851018705
-0.43900991358371566
-0.46268595940285834
-0.5354538854790416
-0.45983733331632076
-0.46622464128330565
-0.5343272181770871
-0.45233106573010273
-0.4752761980298026
-0.5518396356066833
-0.43926306636440754
-0.47410427027608776
-0.5562698468729055
-0.4257332278268996
-0.4615336401137124
-0.5476630357287599
-0.40730879663045827
-0.4573132725055699
-0.5444480338682224
-0.4321795354081597
-0.4589265716356705
-0.5476452976752166
-0.431334088951132
-0.43746625782499204
-0.550228537989683
-0.42858957190393887
-0.4143029730626515
-0.5322334986374427
-0.39661884919515533
-0.3955952824230114
-0.51915173988688
-0.40949947828993444
-0.3911037379293363
-0.5508757819011901
-0.4089851417082605
-0.48905032994743625
-0.5601168490996444
-0.4676920388996337
-0.49345224991901215
-0.36209166092194195
-0.15721712081394382
-0.49546226219905937
-0.39032966318146695
-0.17337599562999315
-0.47461326305899976
-0.42406034769433326
-0.18021452501704663
-0.4892978280240852
-0.4429890505981157
-0.18738690481375483
-0.46886681498244015
-0.4571819797397248
-0.18644620056774427
-0.46098451460685075
-0.48453529872788237
-0.19005712563385022
-0.4841124940107409
-0.4957587727807365
-0.197613527398693
-0.46568093653272485
-0.49915839254856575
-0.1865156875390733
-0.446124837235806
-0.510946951899538
-0.26032667953245586
-0.46640216432821857
-0.5136843264967624
-0.30538320728589996
-0.4597126693962718
-0.5089018078021016
-0.3019065757165493
-0.4596379569593848
-0.5279449101176569
-0.31363284515636225
-0.4699957324902662
-0.5350302752262083
-0.35476239816925736
-0.46088978535119407
-0.5350302752262083
-0.38408718735317954
-0.4689023771488661
-0.5308858562125013
-0.3943081805220279
-0.4795227044532982
-0.5308858562125013
-0.42354576164176344
-0.4738759869328386
-0.5395933102401844
-0.43604348299702406
-0.4613422290711656
-0.5253748099993321
-0.4550593822392901
-0.45504729939582855
-0.524721971052537
-0.4863798913356661
-0.46624571509255436
-0.5288799302894622
-0.4944266846950081
-0.46279875291159467
-0.5333175365053477
-0.6113196569913276
-0.4751744357700385
-0.5344097879089296
-0.6048060820582659
-0.46942565494674277
-0.5396723588854375
-0.6096040368395864
-0.4646364207549641
-0.5429873929351913
-0.5816698229943812
-0.485403195408397
-0.5433832979236034
-0.5975891912578608
-0.4750318422904348
-0.5529534045589773
-0.603709724214221
-0.4938403579861856
-0.5643390115352422
-0.593060334773566
-0.5022396660687145
-0.57071261492825
-0.5660984009452323
-0.5023360587343513
-0.5789758778150252
-0.6052676778728261
-0.5017122494474421
-0.5782449415421955
-0.5974897392606829
-0.5135323012315818
-0.5874289191066309
-0.599252819443568
-0.5018498556199117
-0.6069818663895458
-0.6514325272203294
-0.5010529669989793
-0.6095253714169828
-0.616412098028352
-0.5036251295673997
-0.6108792555770987
-0.6440861408375462
-0.49924845086064484
-0.6160090606113805
-0.5954056306265779
-0.4926590118859185
-0.610247951746821
-0.5577187520180805
-0.5077549745619745
-0.6045813786418418
-0.6150538626667079
-0.5029902201056028
-0.6259729885917857
-0.5687323150686973
-0.5005172326059468
-0.6300771092793497
-0.5433766106226057
-0.4864846092560248
-0.6267917405796819
-0.5339527112723063
-0.47864434151944946
-0.628507862649283
-0.492004261278823
-0.4848205694688831
-0.6217701274312291
-0.4951843676926695
-0.48516982113267504
-0.623039355792208
-0.4927503605684577
-0.472569024616839
-0.6218673968815619
-0.5031756063705489
-0.4684542791284214
-0.626045353575857
-0.4996044805687558
-0.4684989323110631
-0.626045353575857
-0.4846559697618439
-0.457607051919582
-0.6263075856292354
-0.4695481570182721
-0.5505206406532794
-0.619148173707881
-0.48045251353982693
-0.5377465593105656
-0.6196054974910994
-0.490604818798965
-0.5299535984885486
-0.6094650214989022
-0.49904414050479823
-0.5201358421972141
-0.6355886286404054
-0.48137630526621017
-0.5059298027225588
-0.6231310532060583
-0.45813834035504564
-0.4692727076629151
-0.6130451273773857
-0.4423050269645672
-0.4749723510585584
-0.6081046610708286
-0.46897301131611835
-0.4549451620257103
-0.6115706981774072
-0.45238565451999824
-0.43960329744931326
-0.607885007415545
-0.43186974095757813
-0.4201600447221242
-0.599917947151387
-0.4123329649694533
-0.4085323346269152
-0.5933468731223686
-0.40877544217185313
-0.39333271406682
-0.5806457945926795
-0.3734443794202662
-0.38430864008618265
-0.5581247017504894
-0.34132094687883785
-0.35011208103912894
-0.5477889876578024
-0.32898301425576365
-0.33470310928866465
-0.5267578728936413
-0.317984420306631
-0.33757233893845084
-0.5168425523272674
-0.3314824686982303
-0.301948807777377
-0.4657015130395002
-0.34322595560777097
-0.2995160011620519
-0.362035802026773
-0.09638461931691666
-0.2878619216030187
-0.3885025184912588
-0.08354976353424956
-0.27627753454431586
-0.3877959051639322
-0.05983286063262488
-0.24564098980847826
-0.35197159018976093
-0.006723811733239918
-0.33322774182487763
-0.30823669517900143
-0.003084100854703265
-0.45090895439307527
-0.48452323033127775
-0.2027011049956836
-0.43734744030073947
-0.47286833579639054
-0.20259714646559163
-0.4246445178186943
-0.4680155922164288
-0.20704996607015122
-0.38898279283656045
-0.4245912308408171
-0.18531868008901006
-0.37655848076060605
-0.38622126927396194
-0.15776180809175758
-0.23268891363514616
-0.38944811523200046
-0.3115487559943223
-0.3039672649580825
-0.30690818874860937
0.022553310591967326
-0.3405461524906518
-0.34455369799680247
-0.1485557682005619
-0.2808137972324097
-0.4337510593874951
-0.32432544260358676
-0.39079827737968004
-0.2490205039310135
-0.16408794574880084
-0.4786009396739588
-0.33014120726993684
-0.1383166078097597
-0.06160440271047671
-0.2282820467881231
-0.1100567000896677
-0.27880378495236274
-0.40551305712797014
-0.3081665677875382
-0.04952935753910724
-0.14648231143278834
-0.1515779511014493
-0.29965278409242235
-0.3717823726151037
-0.3013280384004842
-0.19459289612649835
-0.30791919764337744
-0.28583421898838646
-0.28496821912733666
-0.3528536697113213
-0.2941556586037759
-0.2954347425839134
-0.2854434981460724
0.0042309326921475396
-0.3395591699069982
-0.3276931282435686
-0.14149717292356898
-0.2991633532578955
-0.16331172877541617
-0.30801635715239534
-0.18317240064213997
-0.11021407729210297
-0.15185594661699342
-0.44382358097709446
-0.2690848474157958
-0.15381732257649552
-0.44095435132730826
-0.2790001679821696
-0.14203792582151656
-0.3393659529795084
-0.17889844142745415
-0.18011135883751775
-0.42354360680356307
-0.24805373265163494
-0.13609971686460573
-0.2736976742154995
-0.1418257799286699
-0.3108243407428894
-0.38926137644564845
-0.23929091472698388
-0.11724520333129725
-0.18865941962215113
-0.21947638298260996
-0.633423010110912
-0.30351675140278955
-0.28715586552319994
-0.3526739297525214
-0.08900224625932791
-0.17006941513543436
-0.10112891190879789
-0.305399232168982
-0.33866074056971224
-0.29509636284978635
-0.09696015927031794
-0.11123347388177217
-0.11122005333039338
-0.31328153254457153
-0.3113074215815547
-0.29148543778368047
-0.17936803581796937
-0.2537319109858636
-0.2756075964034486
-0.2901535531406811
-0.30008394752870055
-0.28392903601883807
-0.11107296875389067
-0.15125121169338282
-0.1132126710654224
-0.30858511061869714
-0.29668432776087134
-0.29040993318214264
-0.12613415020941823
-0.09758881228734949
-0.09266171336680011
-0.3281412099156162
-0.28489576840989916
-0.2824742986875288
-0.2746513013173546
-0.26581789858303234
0.0044540817080966
-0.32515530052027175
-0.3015584846254605
-0.14026394677013346
-0.2616269046196126
-0.2566531455641977
-0.022445160137246373
-0.3088736398241765
-0.29722978564503616
-0.16316916495282244
-0.2563070162933052
-0.24064365433099746
-0.08742715056891086
-0.2944093376017782
-0.2899114104905117
-0.1931866967385754
-0.22327653625820224
-0.22163713049876796
-0.14975008729903497
-0.2800536421095796
-0.27244446525432064
-0.1848003359223389
-0.07103936452589708
-0.06356954364186573
-0.00057398827571087
-0.2642231072076247
-0.2599805606581007
-0.1808393727289983
-0.05677710585137782
-0.0508073347555528
-0.03505024862330338
-0.0629756275533793
-0.07253497528060053
0.010916473128874626
-0.23901122284341414
-0.25617900071960265
-0.1788961121918543
-0.04553994004785745
-0.049267756159514293
-0.10575954616966401
-0.05066128914586285
-0.04057664008083846
-0.13098318428117148
-0.12297804379634678
-0.08088267411294617
-0.14158129884180048
-0.36882683073378075
-0.2161766750048869
-0.07441392892916315
-0.04826085086453834
-0.03681510183222089
-0.12568794938804825
-0.3529313484922235
-0.20704902244403173
-0.039082866177576024
-0.2235982483943419
-0.10779704936823686
-0.2435882014534379
-0.3328407491582641
-0.1951940231766907
-0.02505145336992743
-0.03935493148250423
-0.035720261189139714
-0.1207460170157724
-0.10041582005824096
-0.0635852549863815
-0.11733238629574348
-0.2835453029345051
-0.17531976234683705
0.017996285417946793
-0.31339749643107473
-0.18719775433172758
-0.00044679182070444644
-0.28158292213107966
-0.14165526946846846
-0.12027774851532402
-0.2211027959553954
-0.1188082528181412
-0.034576872145964534
-0.1832631189888665
-0.10686648475668332
-0.1889574811782205
-0.07492170622723097
-0.0487495592302577
-0.11024656786544122
-0.2538956396090544
-0.16182912570505387
0.03469990664714521
-0.2688727518218507
-0.1725193207437647
0.04472281223742083
-0.1739439235707414
-0.10209439531909627
0.007657348249985755
-0.22538351547409965
-0.14888862530555164
0.05000229964701048
-0.17224945407883321
-0.20070778194297
-0.6407013207284719
-0.2992423319447949
-0.26812605302156856
-0.3310225571004333
-0.17667944999562202
-0.19441933543391898
-0.6024540545191571
-0.31135220414884035
-0.2659949483069095
-0.2745609479152619
-0.17909582448660374
-0.19029496778399912
-0.6170979538452539
-0.31633356267472945
-0.26187058065698965
-0.22943926574317966
-0.19129341585838855
-0.1894021279191091
-0.5605271934743177
-0.3307823031143017
-0.26101086982855093
-0.17338231234302504
-0.17916325759528548
-0.1892304852782946
-0.3965591021709377
-0.32654945753832615
-0.2562050762650081
-0.15265792920306576
-0.18954647036801972
-0.18751119690035595
-0.3388325912878896
-0.320691693446216
-0.24651386135421371
-0.13658399383379397
-0.19492810202763622
-0.18797374456337296
-0.24206050882027982
-0.3265644311361648
-0.24247471196082715
-0.11586984471208957
-0.1968342731361849
-0.1846109922230622
-0.16620094451112616
-0.325375881259463
-0.2380202309735197
-0.10292309582377285
-0.2111590448199154
-0.18797768093297407
-0.07627874860090769
-0.32194456214262746
-0.23432971747581105
-0.08460018821629717
-0.23107532073362827
-0.18213256138102535
-0.04953035812255118
-0.32145064373446697
-0.22706703344896934
-0.057851797737940656
-0.2600867808396271
-0.17486509241970594
-0.03503945083975398
-0.30821166443689146
-0.2191680365752005
-0.04781613744901838
-0.048124883597264204
-0.044302944155494614
-0.012776686609264482
-0.09037532300083846
-0.04493447206794396
-0.00832143961538943
-0.11078551732271179
-0.046352036542836955
-0.00832143961538943
-0.12854160812327778
-0.05340923875045747
-0.00832143961538943
-0.12780357836531578
-0.13672527774518609
-0.12646317147045708
-0.30786388282320376
-0.2821583938126746
-0.2903764177729153
-0.3145533777551502
-0.2821583938126746
-0.29210259791533794
-0.17932227469992584
-0.22874915506221719
-0.28205497815752584
-0.14692590712424794
-0.0861939258721568
-0.09411773166261365
-0.31462809019203725
-0.26311529149711943
-0.2927157858607705
-0.17263398555262746
-0.2063114776857747
-0.2862422939054157
-0.12416654060666346
-0.13761287537023376
-0.17075319931306082
-0.3042703146611558
-0.256029926388568
-0.2945637335208051
-0.30335719479270135
-0.256029926388568
-0.2980800345246036
-0.15357905261240073
-0.19810080525995943
-0.2829798539568633
-0.1327697007438474
-0.09041398584226223
-0.08885332687443753
-0.29534460299502907
-0.25232095101915625
-0.2901945022874426
-0.284724275690597
-0.25232095101915625
-0.2988182233098685
-0.12592016754227198
-0.14289534204785084
-0.1821134292344798
-0.27510114838500543
-0.24324415532786767
-0.29465139258689926
-0.15211669955254645
-0.18667212460528085
-0.28931182070628414
-0.13108929110314288
-0.09095926656270178
-0.08885332687443753
-0.27793812499419884
-0.24324415532786767
-0.29833809767440084
-0.28423305466953586
-0.2405685596875086
-0.30515019005928934
-0.11004303243259336
-0.07955464480108378
-0.09700963916484272
-0.13567216450129368
-0.13887926927790886
-0.1916532855681439
-0.27303463897280955
-0.22905211680792217
-0.29840899260187387
-0.2764816011537692
-0.2246145105920367
-0.30196645498544233
-0.13988687586546378
-0.17235015682615998
-0.2614754075142195
-0.26410591829532515
-0.22352225918845492
-0.2824334235739739
-0.13529502499035168
-0.12854755159847125
-0.16284383343896283
-0.2698546991186209
-0.218259688211947
-0.2792253548300809
-0.11468425139450034
-0.08072813075684572
-0.07633851065354073
-0.2746439333103998
-0.2149446541621931
-0.2701912626669337
-0.19318374268172786
-0.19641101701623498
-0.18026538445328721
-0.17603559529003487
-0.1836440254390021
-0.18981258532072864
-0.131909265294893
-0.16340977584793737
-0.2364649008435494
-0.15041824751447985
-0.1727896341509056
-0.19859805419815696
-0.1431293001287397
-0.15777523370283697
-0.20134117541300522
-0.2324852535886358
-0.23882174941717443
-0.1753333991411888
-0.23910976514940846
-0.23510767710257308
-0.15337517276366286
-0.25387715865696686
-0.21114119283371385
-0.26365602785342146
-0.13506933028278575
-0.1481531572911088
-0.20948477079996355
-0.1549630956761607
-0.14505986579095276
-0.20495681582059985
-0.24376611409561352
-0.2294991086223345
-0.13578101670626835
-0.23307019785692729
-0.22316191878494027
-0.11564516889277729
-0.09226819620291372
-0.08451321033884687
0.17032440629282647
-0.2447872802226643
-0.2187297337441942
-0.07026097816166305
-0.11006221475235034
-0.09780814512131343
0.14822878014094368
-0.11064700936975792
-0.10437637273686975
0.13730946827678236
-0.24469056214983395
-0.21338153063193974
-0.06812865432689288
-0.2424447170188817
-0.21627721673742278
-0.06549684868226582
-0.11422730470546243
-0.13020581330021813
0.13821929321392562
-0.11735953324409724
-0.12478705093035379
0.19647815406349775
-0.2554704936613326
-0.2134057154631414
-0.05159296839755977
-0.2504866552116452
-0.21206743956212445
-0.027293521729548784
-0.10405467887307526
-0.15592134699924473
0.16229422359324497
-0.10916274858827381
-0.14875020653452442
0.16706334561435893
-0.23989642831031135
-0.21054429412090053
-0.02063732092327772
-0.24210763681641032
-0.20974624934978311
-0.030261523394997762
-0.09988837291424528
-0.15594918585072826
0.15060990045315434
-0.22555809199450733
-0.2012677061063057
-0.05091792249247492
-0.07810710218076647
-0.07810205299398747
0.07319487320287094
-0.2322233390325526
-0.1497091369827948
0.12468542914535545
-0.2140862273113495
-0.1893439977019219
0.02727426058224521
-0.23340873249011976
-0.2012677061063057
-0.06004698244680261
-0.2227299215550809
-0.1987897807651342
-0.08724479836667735
-0.2017902998653606
-0.19096692647571478
-0.03696960013519848
-0.21065940685451892
-0.19779758326195798
-0.11002071075939222
-0.15039814275334226
-0.0924280230142312
-0.1410616246428057
-0.20983025025460444
-0.13738659722496355
0.07513032076326763
-0.04841466962719723
-0.0383451092487498
-0.07545472552685657
-0.19038979411410714
-0.12319542270218502
0.09398698366383829
-0.2606511803349544
-0.15688538645669953
0.005227472885098149
-0.2852157172039857
-0.19992835994133662
-0.026037908478238874
-0.24206421665340522
-0.13357961985384853
0.06190466769725022
-0.26362017187832415
-0.18767612432615988
-0.02370128965828163
-0.2129816763728338
-0.12254502280620022
0.09147030558769764
-0.2591286273846491
-0.18767612432615988
-0.05432643388783356
-0.046146951011815415
-0.06513110151995964
-0.14579673947553123
-0.05174887387343968
-0.0673848215664575
-0.18439266609235663
-0.021555955224919127
-0.054096504472311346
-0.08560595735553171
-0.2404209367450089
-0.1804643880412537
-0.04453834326118642
-0.02456453686903113
-0.043042973484637065
-0.031265381363336925
-0.1316363291085283
-0.04971844870279325
-0.00832143961538943
-0.13114522307819607
-0.054220145759196814
-0.01583836935300523
-0.1321163551169891
-0.05389643508222766
-0.01583836935300523
-0.1242190424298615
-0.051172102362294816
-0.02095801605975451
-0.12196789336207388
-0.04773141698577642
-0.02719112700987223
-0.08650656012185878
-0.06601045937378382
-0.061596357121457425
-0.1218234734992941
-0.10325731524719935
-0.13842055173066908
-0.24625569026310865
-0.19296945186067507
-0.25515006692392034
-0.22113490751934228
-0.1815838448844101
-0.24057111617119883
-0.10648414644184054
-0.127478824505626
-0.21636574881582057
-0.21273559943681286
-0.1752102414914024
-0.23843722911894352
-0.09770409239168829
-0.07723484199115148
-0.12472360653606177
-0.21263920677117637
-0.16694697860462715
-0.2316248138731478
-0.08146530840896177
-0.056569280045298105
-0.06305527337042309
-0.21326301605808554
-0.16694697860462715
-0.227258735587387
-0.1525190840197505
-0.13421652340534726
-0.1938527520133931
-0.1346283473974835
-0.11557338551062629
-0.17897475904974144
-0.19640115913300796
-0.1829223567024717
-0.07218670772925416
-0.19197124273268396
-0.1766652502584595
-0.12733795784029178
-0.2097253643441606
-0.19113671849893799
-0.08458246363487909
-0.1987732546149441
-0.18780012918944003
-0.12519790671178366
-0.17745746202980237
-0.16902230819147773
-0.16461380707167098
-0.1842594739120625
-0.18191667499867717
-0.13151634841025572
-0.17077164740754538
-0.16048132019798836
-0.18978842808248114
-0.15789943786964272
-0.15184163529241915
-0.1856460113255991
-0.17727734356782102
-0.17798370845723235
-0.13661850118056185
-0.1726995243485211
-0.17280930681529727
-0.12565626597960533
-0.14620906322220928
-0.1286834259256298
-0.1688758225013308
-0.13885288339477286
-0.1286834259256298
-0.1573179868294915
-0.16958711061369858
-0.16020990617880465
-0.1241119355492883
-0.16699044804877675
-0.15577043065338722
-0.10692587721616854
-0.13614063174922997
-0.1053302915600231
-0.11900539559615356
-0.16524341030955514
-0.14718211613947046
-0.07139718986816633
-0.10869678381282769
-0.07349255694810695
0.08232854529029635
-0.1220710700835408
-0.08726205382170565
-0.1042165237370304
-0.16340987384287278
-0.1372989093650714
-0.06491988380703409
-0.04133880375933195
-0.050036855543365705
0.039296639929996414
-0.042972764661689734
-0.050036855543365705
0.037170927995900514
-0.04133880375933195
-0.050036855543365705
0.045538838119204554
-0.1646435495005661
-0.13125467508912483
-0.06126333942244042
-0.15871667820581647
-0.13079396417258718
-0.06252124365652438
-0.09598046502066872
-0.06947904901661738
0.05281441710530362
-0.03305373392291671
-0.050036855543365705
0.04482572469003547
-0.15005293855953528
-0.13079396417258718
-0.06358235088782657
-0.082067006074156
-0.06603211526626884
0.02326465505696814
-0.02910277856032519
-0.041851824579447375
0.047608205727987296
-0.028137564654003886
-0.027087004727757387
0.050392109613323036
-0.03305373392291671
-0.04204025516619453
0.05794528628128173
-0.1478111943278257
-0.122797363795416
-0.04063448144041486
-0.02337804739148929
-0.031526480253174824
0.044763886952042524
-0.029556433862583876
-0.06353355797982556
0.06473002970177218
-0.1412849666042219
-0.11914151240270979
-0.053308683724422976
-0.014800086478878358
-0.020967671522878102
0.059989745345993765
-0.00650569616027564
-0.017502388259243988
0.053169926901919205
-0.0037845702840287035
-0.012894366807199445
0.038350092654760054
-0.0037845702840287035
-0.011134878930980498
0.015627917668707785
-0.007000350392041082
-0.009420497892888343
0.0068217485525501635
-0.0032157801080123782
-0.008353021353742563
-0.04702137035158562
-0.03408526059566052
-0.03481575660788501
-0.12896518014925798
-0.0032157801080123782
-0.0064494708076493976
-0.07770668346559914
-0.03408526059566052
-0.035795587144129615
-0.08066810875945796
-0.0032157801080123782
-0.008428347308732462
-0.08500605200729691
-0.04841466962719723
-0.04032398574983286
-0.03462119279610318
-0.16295744306746626
-0.1019429905589586
0.15021419917487108
-0.18375254184429332
-0.10910240248031292
0.13333827137912213
-0.18375254184429332
-0.11305494670998778
0.11433447792525514
-0.03408526059566052
-0.030684113360262867
-0.037466477727773645
-0.0032157801080123782
-0.003085299916468465
-0.0690011315435559
-0.04841466962719723
-0.034980938357568866
-0.016701594907761803
-0.13245072487158235
-0.0965999431666946
0.19594315568600587
-0.14521844363683806
-0.0965999431666946
0.1892467591954041
-0.15102138919968955
-0.0965999431666946
0.17264601363796264
-0.03408526059566052
-0.03203828896921184
-0.00025384602761792906
-0.0032157801080123782
-0.004439475525417436
-0.06561613231214083
-0.04841466962719723
-0.043400529918217315
-0.004202063262268567
-0.10178768237287543
-0.0810617469561965
0.19791383380140756
-0.10861654023400732
-0.09136939130881397
0.1963021329680886
-0.11621183104146435
-0.09136939130881397
0.1865752732264879
-0.03408526059566052
-0.027598813443794404
0.03590256960758639
-0.0032157801080123782
0.0
-0.0512287207925935
-0.08114522375343286
-0.07061852071641242
0.2385980172215175
-0.09551553234247931
-0.07662227143077906
0.22782915284419333
-0.03408526059566052
-0.027598813443794404
0.046339267911856066
-0.0032157801080123782
-0.001523145441223921
-0.04845495090579756
-0.04841466962719723
-0.04423524628075231
-0.010134683369694515
-0.07542866929308889
-0.054978000832902385
0.30750292848604693
-0.07542866929308889
-0.05881285940701376
0.2999170935275325
-0.08114522375343286
-0.07061852071641242
0.25733541494515505
-0.045198889519184854
-0.03925412208376158
0.020398167742887774
-0.07221288918507651
-0.05338880535669315
0.3556371158191261
-0.030869480487648142
-0.027598813443794404
0.041993368211326404
0.0
-0.001523145441223921
-0.02267881202449567
-0.1123819650861913
-0.07403737011212898
-0.03947630299017361
-0.13747657765840604
-0.07778922569341619
-0.10810597495709394
-0.03826112811704441
-0.03925412208376158
0.04659040761598856
-0.05929078164589381
-0.05259115569333048
0.4049754178390769
-0.05929078164589381
-0.05259115569333048
0.3663344388114487
-0.06527512778293607
-0.05338880535669315
0.38923433675155
-0.030869480487648142
-0.027598813443794404
-0.0016804739308203167
0.0
-0.001523145441223921
-0.038602854742084254
-0.05991627600001863
-0.06199494183565778
0.03276941073066155
-0.08544417307542947
-0.06745264264529938
0.007276458523493219
-0.05929078164589381
-0.050650800162614314
0.34320591143053863
-0.05929078164589381
-0.050650800162614314
0.3585921161958756
-0.030869480487648142
-0.026075668002570482
-0.0464752429579356
-0.05929078164589381
-0.049919863889784644
0.17342287066839318
-0.05929078164589381
-0.049919863889784644
0.13802556005616656
-0.06622854304803426
-0.049919863889784644
0.10831225628691506
-0.03826112811704441
-0.04251349533719858
0.04272375127392466
-0.05929078164589381
-0.049919863889784644
0.3229930666466447
-0.05929078164589381
-0.049919863889784644
0.3553499283284426
-0.05929078164589381
-0.049919863889784644
0.20379203494158799
-0.03826112811704441
-0.04251349533719858
0.06315196518404968
-0.05297851459787818
-0.049919863889784644
0.3773172277206099
-0.05929078164589381
-0.049919863889784644
0.35208888752723355
-0.019715848260006295
-0.01747403366490577
-0.039473571847004514
-0.03498569308605768
-0.041318229552119924
0.37970265569375083
-0.03498569308605768
-0.03791067321205283
0.2420490162065315
-0.03498569308605768
-0.03791067321205283
0.3703185222437838
-0.11095178246698678
-0.05801882684990761
0.11643339796624727
-0.14368293511159055
-0.06936235660933406
0.05378564100272426
-0.027107495889402564
-0.033911860999533874
0.09911512218507802
-0.03498569308605768
-0.03791067321205283
0.4072868282521357
-0.019715848260006295
-0.01747403366490577
-0.00240595497633934
-0.02842130115824567
-0.025789991912898744
0.30282056066151425
-0.035359062560386116
-0.031214045963219365
0.16696782764810053
-0.05544592560977652
-0.04112645503046055
0.10496466538730466
-0.07614222430876158
-0.051434099383078004
0.09884269949935795
-0.03498569308605768
-0.03791067321205283
0.40569694221470887
-0.015269844826051386
-0.023844195887214165
0.4148498151119473
-0.02842130115824567
-0.023844195887214165
0.34996458690701887
-0.02842130115824567
-0.023051986718819913
0.33175024393116215
-0.015269844826051386
-0.02043663954714706
0.4081028971910482
-0.03498569308605768
-0.03791067321205283
0.2829905313862616
-0.03498569308605768
-0.03791067321205283
0.4317435485592392
-0.11454277344026902
-0.06161900480912572
0.19625386309295498
-0.1419751244869099
-0.08485031345343522
0.17576802863125945
-0.17897393338182346
-0.11307956647479614
0.13985432283117036
-0.2049009871119415
-0.16151374271666208
-0.014972420732279643
-0.2172576519826683
-0.161470302724175
-0.013523463091566993
-0.032730554126235635
-0.026383274435660107
0.2674700983148496
-0.053373012745678204
-0.03766121703797918
0.20211589706367608
-0.08403605524438514
-0.06161900480912572
0.21637615816593406
-0.18240659269998827
-0.14237398972964077
-0.00481642280648083
-0.19540532704779065
-0.15346047166448623
-0.021035745132468787
-0.20276878071714535
-0.15667547352502365
-0.007135769296540725
-0.021029653528849404
-0.007406368552586056
0.3126261770545179
-0.021029653528849404
-0.013337033609568892
0.3583850102230884
-0.027013999665891665
-0.014134683272931561
0.33523894807623855
-0.16376889342073778
-0.13759147103497987
0.018929251339204662
-0.16675643926389427
-0.14237398972964077
0.02409718603699505
-0.17273482478997587
-0.14237398972964077
0.010696460628975127
-0.11921220463176306
-0.1246376308382067
-0.12806598407260067
-0.12629092595656485
-0.1246376308382067
-0.2692408609564031
-0.014717386480833775
-0.007406368552586056
0.31416526253656024
-0.14278209146105744
-0.13759147103497987
0.03185503084500146
-0.15135092283500468
-0.13759147103497987
0.030609405495265245
-0.15305115896823857
-0.13759147103497987
0.02104970105401149
-0.09088899888644557
-0.10784497440075623
0.07243520710003694
-0.0931579563136999
-0.11734529965531437
-0.0016958550993583536
-0.10707367966791576
-0.11734529965531437
-0.07903743190377363
-0.13090076036020898
-0.12123007449813958
-0.28479412186715936
-0.13878591488150688
-0.12459466454261499
0.0641137674846475
-0.13620797875050727
-0.13043205911362554
0.054534207445728254
-0.14206178762376276
-0.13043205911362554
0.024066285223673146
-0.1235044677680045
-0.10279407239955407
0.08894230312092284
-0.10310443222745717
-0.10552414332440023
0.08263213656366626
-0.09816445003858065
-0.10784497440075623
0.10071085639463923
-0.16993220260234507
-0.11954376254141283
0.08062086350553346
-0.1616019802674683
-0.12227383346625899
0.0743106969482768
-0.14946752868117794
-0.12459466454261499
0.0923894167792498
-0.10224215037188102
-0.07797647591556542
0.2117149995309603
-0.1117791319461202
-0.08633025586733341
0.1779512197428842
-0.13800642778538408
-0.10279407239955407
0.12762833867611886
-0.1425615859173094
-0.12123007449813958
-0.28537548609992386
-0.1597563202063351
-0.10162509361046704
0.11965179946552407
-0.15715857661722166
-0.10997887356223503
0.1340185232552725
-0.1785032264778455
-0.11543657437187664
0.11411757050118115
-0.05621632739324978
-0.03850910340308295
0.2938986288716728
-0.08239385272497186
-0.05729981463333877
0.28070166376722705
-0.14514985257475918
-0.08502312282542353
0.15012499398282458
-0.1509026594430567
-0.08946955783597894
0.1384968064143359
-0.019956587050565473
-0.019477273138097148
0.2546418067567363
-0.02962069844263443
-0.019477273138097148
0.29772419372913367
-0.04306018407787493
-0.022884829478164247
0.32645029834351313
-0.1453162030719218
-0.12492976795053566
-0.32596638457070404
-0.13547188054270584
-0.07097961557599128
0.1359664526761323
-0.1425892524366179
-0.07761675427283748
0.1398615686330462
-0.15418833854897984
-0.08102431061290458
0.17739750904208346
-0.005984346137042263
-0.0035349915018938203
0.24764562310492946
-0.01801316764540186
-0.00862357888075465
0.25705732728344954
-0.1180206382444744
-0.06613177576127327
0.1263042472978724
-0.13699792403388333
-0.07097961557599128
0.13527520701816806
-0.10717505659483112
-0.06041315311015415
-0.06587594336702998
-0.11739789917517797
-0.06041315311015415
-0.08300379737311801
-0.12066990733297375
-0.061628116004298544
-0.1246688761755081
-0.1561332010788507
-0.1282393064567092
-0.31622104783187416
-0.10717505659483112
-0.06041315311015415
0.11980358463671087
-0.11739789917517797
-0.05962094394175989
0.12538209813111176
-0.12066990733297375
-0.06277626236662046
0.12631881460426977
-0.09308648205622795
-0.05882395763394491
-0.030789163909225325
-0.0930160363797866
-0.05882395763394491
-0.07918525706813617
-0.11203629210743214
-0.06259678425937945
-0.12134137580705708
-0.10456195510124287
-0.05882395763394491
0.10184707953880084
-0.10045663427593553
-0.05882395763394491
0.0958168814102126
-0.07672458003730129
-0.05102290962103973
0.09655146340463
-0.08525283565333872
-0.05102290962103973
0.11190186445329836
-0.11898475638848148
-0.06235603669523662
-0.12178212026528147
-0.1586466213312837
-0.11599071529398064
-0.27228652112133045
-0.09617018215974295
-0.0551546410950967
0.09655146340463
-0.09703233926160842
-0.0551546410950967
0.11190186445329836
-0.0596134122147544
-0.04127939198403666
0.08725225970498977
-0.06702576228538612
-0.04494232266758427
0.07434234064534966
-0.14662649913150205
-0.10929697370519524
-0.22315164219614506
-0.08558487663091752
-0.04494232266758427
0.08725225970498977
-0.08430969783869541
-0.049074054141641246
0.07434234064534966
-0.04836597892975523
-0.03642944844106081
0.09209104093778914
-0.11551529349214038
-0.05150234243789413
-0.11867535408060402
-0.07150360952228076
-0.04009237912460842
0.09209104093778914
-0.04226272224642138
-0.03185294717940911
0.1315308841087054
-0.040085595420497604
-0.03185294717940911
0.11423849796792922
-0.11296855399398346
-0.058139481134740344
-0.15786262509608742
-0.1305394720773013
-0.08855418779458608
-0.22351192746247492
-0.05777772644460334
-0.03551587786295672
0.1315308841087054
-0.06693248571561054
-0.03551587786295672
0.11423849796792922
-0.033516364678191836
-0.028578651143342335
0.17499482625408327
-0.0484247350481963
-0.03551587786295672
0.15395156797690762
-0.02308757549660552
-0.028578651143342335
0.20688283172579597
-0.11112815447110493
-0.058139481134740344
-0.14905278930142968
-0.09959760577092733
-0.09989473790753632
-0.21122628382523462
-0.0338114585746736
-0.03185294717940911
0.17999664347561906
-0.017354331307697708
-0.011978473378570359
0.17131013154628266
-0.02308757549660552
-0.02079124833955609
0.17331917457968357
-0.02308757549660552
-0.02079124833955609
0.1720262132845219
-0.028094149897789227
-0.02079124833955609
0.1560168124699337
-0.011386674899219287
-0.01289424538303198
0.03436141862240122
-0.01737102103626155
-0.02079124833955609
0.17557836430439008
-0.011386674899219287
-0.008812774960985727
0.04133019242688023
-0.0764981593302584
-0.07661998927073978
-0.18929149172282636
-0.01737102103626155
-0.016709777917509838
0.13500928582636929
-0.0057332441889078115
-0.008812774960985727
0.048231597035338344
-0.0057332441889078115
-0.008812774960985727
0.0007160817382392162
-0.08893352518150945
-0.046514019422340604
-0.14377363488884817
-0.011717590325950074
-0.016709777917509838
0.13621801679008622
-0.0057332441889078115
-0.008812774960985727
0.048536716353524786
-0.011717590325950074
-0.016709777917509838
0.13549863420282696
-0.0057332441889078115
-0.008540588778385701
0.033173337312194726
-0.011717590325950074
-0.008540588778385701
0.11978333527977042
-0.0057332441889078115
-0.008540588778385701
0.04441447444795098
-0.011717590325950074
-0.008540588778385701
0.08883488232666031
-0.005984346137042263
-0.004465254663215692
0.03221820999365518
-0.06850880671808486
-0.03216974320264018
-0.1422048573528911
-0.005984346137042263
-0.004465254663215692
0.060740556189189054
0.0
0.0
0.01843955042772474
0.0
0.0
0.03794327312528625
0.0
0.0
0.009080954141498605
0.0
0.0
0.013407366570306714
0.0
0.0
0.0
0.0
0.0
0.0
-0.10287138756623
-0.11339671668041323
-0.21881037986671614
-0.2014429642739456
-0.15776300104019178
-0.24088186016983903
-0.10098629448085474
-0.07655455563414033
-0.10872530099469412
-0.21312540988561596
-0.13626969822656076
-0.23508545403627862
-0.07267910955067805
-0.05204943647742447
-0.06433145461363823
-0.2139222985065483
-0.13372619319912374
-0.23146490420062785
-0.13179770764912369
-0.11037769855932911
-0.1642034622169639
-0.12167078483887633
-0.08121781954575913
-0.09843426741834088
-0.019173002026435244
-0.04483608506420979
0.08117764728989495
-0.12625502433164343
-0.10162909497311348
-0.05297595768209843
-0.010673161870137698
-0.06761311296955647
0.021206102328268753
-0.11775518417534588
-0.09719888370689134
-0.05099291278415113
-0.010673161870137698
-0.059543970617964986
0.01941341258561156
-0.11732707998991891
-0.09471921291619154
-0.05319802165460379
-0.007530075808925396
-0.059543970617964986
0.032457048372126505
-0.11418399392870661
-0.09471921291619154
-0.04222725871283082
0.0
0.0
-0.037382675418095236
0.0
0.0
-0.046732632441096385
-0.027107495889402564
-0.033911860999533874
0.14305065934635983
-0.03498569308605768
-0.03791067321205283
0.3112931138793513
-0.019715848260006295
-0.01747403366490577
0.050247975656547234
-0.03498569308605768
-0.019370360599118862
0.2804797076927612
-0.03498569308605768
-0.02722375498223755
0.2718549164961598
-0.03498569308605768
-0.030552189569391645
0.3099875179774246
-0.017410714636922967
-0.013005254741385173
0.13772715542355582
-0.025288911833578086
-0.013005254741385173
0.24915231216639203
-0.010019067007526701
-0.007853394383118691
0.022734454726999757
-0.010019067007526701
-0.012635913077779613
0.24082142153410077
0.0
-0.004782518694660922
0.2180869668071011
-0.015269844826051386
-0.013078155904485876
0.2597395423208775
-0.00787819719665512
-0.0039988122125189565
0.3081717060670578
0.0
0.0007922091683942511
0.20838589550422973
0.0
-0.0011481463623219136
0.25098769077977784
-0.005984346137042263
-0.007897002956524108
0.0936790933994891
-0.005984346137042263
-0.007897002956524108
0.14121694568198895
-0.005984346137042263
-0.007897002956524108
0.08696191784930223
-0.005984346137042263
-0.007897002956524108
0.08798641975474793
-0.00787819719665512
-0.0039988122125189565
0.16824245453299155
-0.005984346137042263
0.0
0.04442040787870936
-0.005984346137042263
0.0
0.08660999796757575
0.0
0.0
0.0
0.0
0.0
0.0
0.0
0.0
0.0
0.0
0.0
0.0
-0.05751416983445402
-0.023648617694901616
-0.09206320006543636
-0.04537944467110139
-0.023648617694901616
-0.04393269648761164
-0.04049679869246141
-0.012642501972322577
-0.013510768174937696
-0.046427734834340574
-0.016749690141858765
-0.00832143961538943
-0.02313763059252551
-0.0036629306835476074
0.0
-0.05849754804001107
-0.016749690141858765
-0.00832143961538943
-0.025971464416163104
-0.0036629306835476074
0.0
-0.05130307864259728
-0.016749690141858765
-0.00832143961538943
-0.04789691599506138
-0.016749690141858765
-0.00832143961538943
-0.043050022436807465
-0.013086759458311156
-0.00832143961538943
-0.027109910759192012
-0.013086759458311156
-0.00832143961538943
-0.015691689632639443
-0.008955027984254186
-0.00832143961538943
-0.017181799681784855
-0.008955027984254186
-0.00832143961538943
-0.10625145299497223
-0.04773141698577642
-0.02207148030312295
-0.007433012127195938
-0.008955027984254186
-0.00832143961538943
-0.09857157670771546
-0.044366284359778616
-0.02207148030312295
-0.00017765397457900154
-0.008955027984254186
-0.00832143961538943
-0.08643603062239216
-0.04188949062769121
-0.02207148030312295
-0.00041058266312310856
-0.004107188169536187
-0.00832143961538943
-0.20536578980108575
-0.13157465937564528
-0.22669075933153535
-0.07377471066099547
-0.037559867399871244
-0.013750040687733521
-0.07626702411287868
-0.044859524539166994
-0.056010014998248814
0.010412375954766462
0.0
-0.00832143961538943
-0.20280470710570045
-0.12644485434136332
-0.24177404861007976
-0.2061783659724142
-0.1306167677297137
-0.2313267398854978
-0.1910824032963582
-0.13244848226058153
-0.16640579427835558
-0.07686564745085764
-0.035661704437639004
-0.020469052450490487
-0.0599776214628187
-0.04052414319201955
-0.045061146292513815
0.008970582757531051
0.0
0.0
-0.19013060329238599
-0.09925121100123918
-0.17014566329398895
-0.19260359079204237
-0.09514709031367535
-0.17676397001644292
-0.19226590555291775
-0.09242870829897638
-0.17541900498941781
-0.05860267229856479
-0.033252575125130454
-0.028404216665653466
-0.051099829328407474
-0.026146634279553008
-0.050951591995733875
0.004594184829389594
-0.006502280921311794
0.0
0.011806746604540928
-0.006502280921311794
0.0
-0.19383402325909704
-0.08627311070395763
-0.18745213594011542
-0.1808289374485315
-0.08270320156939429
-0.18266032869294976
-0.1728843949772825
-0.08143397320841524
-0.17536747607556094
-0.1692462976630006
-0.07737538026118074
-0.17431011273298755
-0.045489183208247394
-0.0312618962760923
-0.028404216665653466
-0.038139385413912846
-0.030964203227776647
-0.03865815064210489
0.009239392099254645
0.0
0.0
-0.1605933243861624
-0.07319742356688562
-0.17118484204417828
-0.15474572564066924
-0.07319742356688562
-0.16953260729364877
-0.15370155216437367
-0.06759214412124326
-0.1622086055741297
-0.04352146765649474
-0.020993289157519204
-0.031262624066225
-0.042023251304293935
-0.024461922306464854
-0.03470196167196475
-0.10613506075525864
-0.0696518444324596
-0.09929900402269701
-0.09201916374470875
-0.06966544026390431
-0.09794664818156906
0.0012156318344998238
0.0
0.0
-0.03999286465384873
-0.06759214412124326
-0.13442832125682588
-0.05276694599656247
-0.06318227610835009
-0.1052722225438204
-0.0539226545487657
-0.06318227610835009
-0.07648540657657026
-0.04045910201785382
-0.020993289157519204
-0.031262624066225
-0.03887204056388373
-0.019871182188505438
-0.038484203431264546
-0.0917742899687054
-0.04459558748441929
-0.11484070169990011
-0.07439912614776036
-0.0356978570416424
-0.10335721322019664
-0.05628702614384717
-0.03241690182301671
-0.093145762266431
-0.05513828638326551
-0.032525710633185836
-0.08662936051381712
-0.009698129489745853
0.0
0.0
-0.04429995469960277
-0.022867494444068333
-0.07529657891458792
-0.04295272895476262
-0.02382304179782739
-0.07340652270949571
-0.05109769987945141
-0.020968467226997835
-0.07393744310010911
-0.031006086350626266
-0.002422890876836839
-0.022171105715535745
-0.024767617389866332
-0.01674110306234358
-0.031262624066225
-0.04139957038970555
-0.020968467226997835
-0.07393744310010911
-0.03042094427101231
-0.015218738494844184
-0.057292364338833175
-0.035775582191206814
-0.008952259785193387
-0.04715319431547938
-0.014941398451922416
-0.0019368860777819207
-0.024940640619974686
-0.02126525327103399
-0.0007599585621650641
-0.04922603063924831
-0.02126525327103399
-0.0007599585621650641
-0.04922603063924831
-0.02126525327103399
-0.0007307499813598284
-0.04415814507814981
-0.11892975917869353
-0.08968516874795407
-0.2046192790284124
-0.11730769263536266
-0.09488861486071035
-0.15265575359062206
-0.11540025810206013
-0.05676700386133737
-0.15494995253892732
-0.010559215693904741
0.0034786594671700932
-0.014654175977919941
-0.012106502350821625
0.0009797492881289216
-0.033684255068101514
-0.012802364032283681
0.004553175256962785
-0.033684255068101514
-0.012106502350821625
0.0009797492881289216
-0.033684255068101514
-0.11428172267871779
-0.04818139808328477
-0.14696325940990745
-0.10925654243242199
-0.041935527290793306
-0.14112839062799526
-0.009245478340067715
-0.04218898695083089
-0.07400959847759542
-0.0024936269369088024
-0.0028297526403081898
-0.042143898643270714
-0.004769495840580548
-0.006529368908356545
-0.02498208859994364
-0.002243148338378944
0.0010745157897926916
-0.019030079090181572
-0.14124318895587024
-0.08167675672169931
-0.1671334495869896
-0.1299113418595355
-0.08575724319054671
-0.17531672488724898
-0.13262596932922366
-0.054622947121655795
-0.13170282372392905
-0.12972910812012406
-0.05655656728984127
-0.13170873669721583
-0.12245393897224961
-0.04223322033910897
-0.13252669140207332
0.002030386650445199
-0.04313022181477841
-0.09972635958486112
-0.005427914135719033
-0.002996312255562898
-0.036812375483323376
-0.11737787444648452
-0.08075710862922147
-0.10806008177572883
-0.11699920463661856
-0.08075710862922147
-0.10840807557786197
-0.11475746040490896
-0.08075710862922147
-0.0985797677216966
-0.11172853274163802
-0.055607954422884236
-0.1180387134261951
-0.10708202230520818
-0.05679300990890369
-0.13415360497199336
-0.10708202230520818
-0.02958577073733487
-0.0721990151124199
-0.10665391811978121
-0.03517524229822655
-0.07261143424021531
-0.0037845702840287035
-0.05150843761933224
0.04524526069555988
-0.11954213734376155
-0.05348731412041531
-0.04324716291870745
-0.11043848840380992
-0.08668367991755879
-0.03523605373411953
-0.11954213734376155
-0.08414387959557956
-0.039429528422025156
-0.11954213734376155
-0.0831448336307411
-0.0454775226426057
-0.11954213734376155
-0.08794737955725175
-0.04313194012710457
-0.11575756705973285
-0.05557643304399534
-0.054118834266376425
-0.11954213734376155
-0.0831448336307411
-0.040385370961189535
-0.11954213734376155
-0.08901485609639753
-0.01771665123976332
-0.11954213734376155
-0.05729081408208749
-0.04885613205098935
0.0
-0.033812127601463154
0.01937623280494098
0.0
-0.03579751126845647
0.012187383960340806
0.0
-0.0019853836669933146
-0.007188848844600174
-0.0037845702840287035
-0.0017143810380921564
0.005262702215387058
0.0
-0.0010674765391457796
0.02541528888734124
0.0
0.0
0.016116773724951468
0.0
-0.007853394383118691
-0.00862479119660137
-0.010019067007526701
-0.004782518694660922
0.2078085338479008
-0.010019067007526701
-0.004782518694660922
0.13607315629977587
-0.010019067007526701
-0.004782518694660922
0.20062465846025196
-0.010019067007526701
-0.012635913077779613
0.20296011939193936
0.0
0.0
0.03327146454895165
0.0
-0.004782518694660922
0.12480606759960132
0.0
-0.004782518694660922
0.12480606759960132
0.0
-0.004782518694660922
0.1677835682725313
0.0
-0.004782518694660922
0.11246661021435592
0.0
-0.004782518694660922
0.11246661021435592
0.0
0.0
0.04261777333854118
0.0
0.0
0.11421706164128392
0.0
0.0
0.07159928830274274
0.0
-0.004782518694660922
0.13451210372357958
-0.00787819719665512
0.0
0.11142515674283623
0.0
0.0
0.1750021384783487
0.0
0.0
0.18567952800374082
0.0
0.0
0.004326412428808109
0.0
0.0
0.019503722697561513
0.0
0.0
0.028522346195533895
0.0
0.0
0.0
0.0
0.0
0.0
-0.005653326881145979
0.0015223645674993945
-0.02602974027260817
-0.10665391811978121
-0.03517524229822655
-0.07095289951279088
-0.10665391811978121
-0.03517524229822655
-0.06906284330769867
0.0
0.0
-0.006326319440564561
0.0
0.0
0.005092151681416155
0.0
0.0
-0.011418471121980717
0.0
0.0
-0.0037314075721664257
0.0
-0.007853394383118691
-0.004848414455961422
0.0
0.0
0.06125841480245335
0.0
0.0
0.06125841480245335
0.0
0.0
-0.004616942696315058
0.0
0.0
-0.004616942696315058
0.0
0.0
0.06455150216047598
-0.014908370370004462
-0.006937226719614387
-0.021043258277175667
-0.01551500419818197
-0.0036629306835476074
0.0
-0.02684689029511294
-0.0036629306835476074
0.0
-0.017283935553309284
-0.00413173147405697
0.0
-0.019445602122441664
-0.00413173147405697
0.0
-0.011779503608269728
-0.00413173147405697
0.0
-0.011475473045014936
0.0
0.0
-0.007440597896148944
0.0
0.0
-0.004024913250028917
0.0
-0.006719011762756964
0.002321410978640158
0.0015728961680359533
-0.009488546667195907
-0.0006960306195912501
0.0015728961680359533
-0.02297641320739562
-0.0006103593087302545
0.0
-0.01645983229716123
0.0
0.0
0.13263624344802616
0.0
0.0
0.0
0.007278084712568216
0.0
-0.002769534904438942
0.004260643114336808
0.0
-0.009740820534404265
0.004260643114336808
0.0
-0.009740820534404265
0.004260643114336808
0.0
-0.008022168897783823
0.003414553941298664
0.0
-0.009740820534404265
-0.001153918439470658
0.0
0.0
0.00628370029991352
0.0
0.0
0.007437618739384179
0.0
0.0
-0.006323854819111574
0.0012061360964220923
-0.019217504458175123
-0.0030174415982314076
0.0
-0.013487866540199712
0.0
-0.03065656547516426
0.010143953937246871
-0.010723883078068076
-0.0032742960360667797
-0.02688618825017692
-0.005006574401183706
0.0
-0.017302362109749864
-0.0030174415982314076
0.0
-0.00525263399334488
0.0
0.0
0.0
0.0
0.0
0.0
0.0
0.0
0.0
0.0
0.0
0.0
0.0
0.0
0.0
0.0
0.0
0.0
0.0
0.0
0.0
0.0
0.0
0.0
0.0
0.0
0.0
0.0
0.0
0.0
0.0
0.0
0.0
0.0
0.0
0.0
0.0
0.0
0.0
0.0
0.0
0.0
0.0
0.0
0.0
0.0
0.0
0.0
0.0
0.0
0.0
0.0
0.0
0.0
0.0
0.0
0.0
0.0
0.0
0.0
0.0
0.0
0.0
0.0
0.0
0.0
0.0
0.0
0.0
0.0
0.0
0.0
0.0
0.0
0.0
0.0
0.0
0.0
0.0
0.0
0.0
0.0
0.0
0.0
0.0
0.0
0.0
0.0
0.0
0.0
0.0
0.0
0.0
0.0
0.0
0.0
0.0
0.0
0.0
0.0
0.0
0.0
0.0
0.0
0.0
0.0
0.0
0.0
0.0
0.0
0.0
0.0
0.0
0.0
0.0
0.0
0.0
0.0
0.0
0.0
0.0
0.0
0.0
0.0
0.0
0.0
0.0
0.0
0.0
0.0
0.0
0.0
0.0
0.0
0.0
0.0
0.0
0.0
0.0
0.0
0.0
0.0
0.0
0.0
0.0
0.0
0.0
0.0
0.0
0.0
0.0
0.0
0.0
0.0
0.0
0.0
0.0
0.0
0.0
0.0
0.0
0.0
0.0
0.0
0.0
0.0
0.0
0.0
0.0
0.0
0.0
0.0
0.0
0.0
0.0
0.0
0.0
0.0
0.0
0.0
0.0
0.0
0.0
0.0
0.0
0.0
0.0
0.0
0.0
0.0
0.0
0.0
0.0
0.0
0.0
0.0
0.0
0.0
0.0
0.0
0.0
0.0
0.0
0.0
0.0
0.0
0.0
0.0
0.0
0.0
0.0
0.0
0.0
0.0
0.0
0.0
0.0
0.0
0.0
0.0
0.0
0.0
0.0
0.0
0.0
0.0
0.0
0.0
0.0
0.0
0.0
0.0
0.0
0.0
0.0
0.0
0.0
0.0
0.0
0.0
0.0
0.0
0.0
0.0
0.0
0.0
0.0
0.0
0.0
0.0
0.0
0.0
0.0
0.0
0.0
0.0
0.0
0.0
0.0
0.0
0.0
0.0
0.0
0.0
0.0
0.0
0.0
0.0
0.0
0.0
0.0
0.0
0.0
0.0
0.0
0.0
0.0
0.0
0.0
0.0
0.0
0.0
0.0
0.0
0.0
0.0
0.0
0.0
0.0
0.0
0.0
0.0
0.0
0.0
0.0
0.0
0.0
0.0
0.0
0.0
0.0
0.0
0.0
0.0
0.0
0.0
0.0
0.0
0.0
0.0
0.0
0.0
0.0
0.0
0.0
0.0
0.0
0.0
0.0
0.0
0.0
0.0
0.0
0.0
0.0
0.0
0.0
0.0
0.0
0.0
0.0
0.0
0.0
0.0
0.0
0.0
0.0
0.0
0.0
0.0
0.0
0.0
0.0
0.0
0.0
0.0
0.0
0.0
0.0
0.0
0.0
0.0
0.0
0.0
0.0
0.0
0.0
0.0
0.0
0.0
0.0
0.0
0.0
0.0
0.0
0.0
0.0
0.0
0.0
0.0
0.0
0.0
0.0
0.0
0.0
0.0
0.0
0.0
0.0
0.0
0.0
0.0
0.0
0.0
0.0
0.0
0.0
0.0
0.0
0.0
0.0
0.0
0.0
0.0
0.0
0.0
0.0
0.0
0.0
0.0
0.0
0.0
0.0
0.0
0.0
0.0
0.0
0.0
0.0
0.0
0.0
0.0
0.0
0.0
0.0
0.0
0.0
0.0
0.0
0.0
0.0
0.0
0.0
0.0
0.0
0.0
0.0
0.0
0.0
0.0
0.0
0.0
0.0
0.0
0.0
0.0
0.0
0.0
0.0
0.0
0.0
0.0
0.0
0.0
0.0
0.0
0.0
0.0
0.0
0.0
0.0
0.0
0.0
0.0
0.0
0.0
0.0
0.0
0.0
0.0
0.0
0.0
0.0
0.0
0.0
0.0
0.0
0.0
0.0
0.0
0.0
0.0
0.0
0.0
0.0
0.0
0.0
0.0
0.0
0.0
0.0
0.0
0.0
0.0
0.0
0.0
0.0
0.0
0.0
0.0
0.0
0.0
0.0
0.0
0.0
0.0
0.0
0.0
0.0
0.0
0.0
0.0
0.0
0.0
0.0
0.0
0.0
0.0
0.0
0.0
0.0
0.0
0.0
0.0
0.0
0.0
0.0
0.0
0.0
0.0
0.0
0.0
0.0
0.0
0.0
0.0
0.0
0.0
0.0
0.0
0.0
0.0
0.0
0.0
0.0
0.0
0.0
0.0
0.0
0.0
0.0
0.0
0.0
0.0
0.0
0.0
0.0
0.0
0.0
0.0
0.0
0.0
0.0
0.0
0.0
0.0
0.0
0.0
0.0
0.0
0.0
0.0
0.0
0.0
0.0
0.0
0.0
0.0
0.0
0.0
0.0
0.0
0.0
0.0
0.0
0.0
0.0
0.0
0.0
0.0
0.0
0.0
0.0
0.0
0.0
0.0
0.0
0.0
0.0
0.0
0.0
0.0
0.0
0.0
0.0
0.0
0.0
0.0
0.0
0.0
0.0
0.0
0.0
0.0
0.0
0.0
0.0
0.0
0.0
0.0
0.0
0.0
0.0
0.0
0.0
0.0
0.0
0.0
0.0
0.0
0.0
0.0
0.0
0.0
0.0
0.0
0.0
0.0
0.0
0.0
0.0
0.0
0.0
0.0
0.0
0.0
0.0
0.0
0.0
0.0
0.0
0.0
0.0
0.0
0.0
0.0
0.0
0.0
0.0
0.0
0.0
0.0
0.0
0.0
0.0
0.0
0.0
0.0
0.0
0.0
0.0
0.0
0.0
0.0
0.0
0.0
0.0
0.0
0.0
0.0
0.0
0.0
0.0
0.0
0.0
0.0
0.0
0.0
0.0
0.0
0.0
0.0
0.0
0.0
0.0
0.0
0.0
0.0
0.0
0.0
0.0
0.0
0.0
0.0
0.0
0.0
0.0
0.0
0.0
0.0
0.0
0.0
0.0
0.0
0.0
0.0
0.0
0.0
0.0
0.0
0.0
0.0
0.0
0.0
0.0
0.0
0.0
0.0
0.0
0.0
0.0
0.0
0.0
0.0
0.0
0.0
0.0
0.0
0.0
0.0
0.0
0.0
0.0
0.0
0.0
0.0
0.0
0.0
0.0
0.0
0.0
0.0
0.0
0.0
0.0
0.0
0.0
0.0
0.0
0.0
0.0
0.0
0.0
0.0
0.0
0.0
0.0
0.0
0.0
0.0
0.0
0.0
0.0
0.0
0.0
0.0
0.0
0.0
0.0
0.0
0.0
0.0
0.0
0.0
0.0
0.0
0.0
0.0
0.0
0.0
0.0
0.0
0.0
0.0
0.0
0.0
0.0
0.0
0.0
0.0
0.0
0.0
0.0
0.0
0.0
0.0
0.0
0.0
0.0
0.0
0.0
0.0
0.0
0.0
0.0
0.0
0.0
0.0
0.0
0.0
0.0
0.0
0.0
0.0
0.0
0.0
0.0
0.0
0.0
0.0
0.0
0.0
0.0
0.0
0.0
0.0
0.0
0.0
0.0
0.0
0.0
0.0
0.0
0.0
0.0
0.0
0.0
0.0
0.0
0.0
0.0
0.0
0.0
0.0
0.0
0.0
0.0
0.0
0.0
0.0
0.0
0.0
0.0
0.0
0.0
0.0
0.0
0.0
0.0
0.0
0.0
0.0
0.0
0.0
0.0
0.0
0.0
0.0
0.0
0.0
0.0
0.0
0.0
0.0
0.0
0.0
0.0
0.0
0.0
0.0
0.0
0.0
0.0
0.0
0.0
0.0
0.0
0.0
0.0
0.0
0.0
0.0
0.0
0.0
0.0
0.0
0.0
0.0
0.0
0.0
0.0
0.0
0.0
0.0
0.0
0.0
0.0
0.0
0.0
0.0
0.0
0.0
0.0
0.0
0.0
0.0
0.0
0.0
0.0
0.0
0.0
0.0
0.0
0.0
0.0
0.0
0.0
0.0
0.0
0.0
0.0
0.0
0.0
0.0
0.0
0.0
0.0
0.0
0.0
0.0
0.0
0.0
0.0
0.0
0.0
0.0
0.0
0.0
0.0
0.0
0.0
0.0
0.0
0.0
0.0
0.0
0.0
0.0
0.0
0.0
0.0
0.0
0.0
0.0
0.0
0.0
0.0
0.0
0.0
0.0
0.0
0.0
0.0
0.0
0.0
0.0
0.0
0.0
0.0
0.0
0.0
0.0
0.0
0.0
0.0
0.0
0.0
0.0
0.0
0.0
0.0
0.0
0.0
0.0
0.0
0.0
0.0
0.0
0.0
0.0
0.0
0.0
0.0
0.0
0.0
0.0
0.0
0.0
0.0
0.0
0.0
0.0
0.0
0.0
0.0
0.0
0.0
0.0
0.0
0.0
0.0
0.0
0.0
0.0
0.0
0.0
0.0
0.0
0.0
0.0
0.0
0.0
0.0
0.0
0.0
0.0
0.0
0.0
0.0
0.0
0.0
0.0
0.0
0.0
0.0
0.0
0.0
0.0
0.0
0.0
0.0
0.0
0.0
0.0
0.0
0.0
0.0
0.0
0.0
0.0
0.0
0.0
0.0
0.0
0.0
0.0
0.0
0.0
0.0
0.0
0.0
0.0
0.0
0.0
0.0
0.0
0.0
0.0
0.0
0.0
0.0
0.0
0.0
0.0
0.0
0.0
0.0
0.0
0.0
0.0
0.0
0.0
0.0
0.0
0.0
0.0
0.0
0.0
0.0
0.0
0.0
0.0
0.0
0.0
0.0
0.0
0.0
0.0
0.0
0.0
0.0
0.0
0.0
0.0
0.0
0.0
0.0
0.0
0.0
0.0
0.0
0.0
0.0
0.0
0.0
0.0
0.0
0.0
0.0
0.0
0.0
0.0
0.0
0.0
0.0
0.0
0.0
0.0
0.0
0.0
0.0
0.0
0.0
0.0
0.0
0.0
0.0
0.0
0.0
0.0
0.0
0.0
0.0
0.0
0.0
0.0
0.0
0.0
0.0
0.0
0.0
0.0
0.0
0.0
0.0
0.0
0.0
0.0
0.0
0.0
0.0
0.0
0.0
0.0
0.0
0.0
0.0
0.0
0.0
0.0
0.0
0.0
0.0
0.0
0.0
0.0
0.0
0.0
0.0
0.0
0.0
0.0
0.0
0.0
0.0
0.0
0.0
0.0
0.0
0.0
0.0
0.0
0.0
0.0
0.0
0.0
0.0
0.0
0.0
0.0
0.0
0.0
0.0
0.0
0.0
0.0
0.0
0.0
0.0
0.0
0.0
0.0
0.0
0.0
0.0
0.0
0.0
0.0
0.0
0.0
0.0
0.0
0.0
0.0
0.0
0.0
0.0
0.0
0.0
0.0
0.0
0.0
0.0
0.0
0.0
0.0
0.0
0.0
0.0
0.0
0.0
0.0
0.0
0.0
0.0
0.0
0.0
0.0
0.0
0.0
0.0
0.0
0.0
0.0
0.0
0.0
0.0
0.0
0.0
0.0
0.0
0.0
0.0
0.0
0.0
0.0
0.0
0.0
0.0
0.0
0.0
0.0
0.0
0.0
0.0
0.0
0.0
0.0
0.0
0.0
0.0
0.0
0.0
0.0
0.0
0.0
0.0
0.0
0.0
0.0
0.0
0.0
0.0
0.0
0.0
0.0
0.0
0.0
0.0
0.0
0.0
0.0
0.0
0.0
0.0
0.0
0.0
0.0
0.0
0.0
0.0
0.0
0.0
0.0
0.0
0.0
0.0
0.0
0.0
0.0
0.0
0.0
0.0
0.0
0.0
0.0
0.0
0.0
0.0
0.0
0.0
0.0
0.0
0.0
0.0
0.0
0.0
0.0
0.0
0.0
0.0
0.0
0.0
0.0
0.0
0.0
0.0
0.0
0.0
0.0
0.0
0.0
0.0
0.0
0.0
0.0
0.0
0.0
0.0
0.0
0.0
0.0
0.0
0.0
0.0
0.0
0.0
0.0
0.0
0.0
0.0
0.0
0.0
0.0
0.0
0.0
0.0
0.0
0.0
0.0
0.0
0.0
0.0
0.0
0.0
0.0
0.0
0.0
0.0
0.0
0.0
0.0
0.0
0.0
0.0
0.0
0.0
0.0
0.0
0.0
0.0
0.0
0.0
0.0
0.0
0.0
0.0
0.0
0.0
0.0
0.0
0.0
0.0
0.0
0.0
0.0
0.0
0.0
0.0
0.0
0.0
0.0
0.0
0.0
0.0
0.0
0.0
0.0
0.0
0.0
0.0
0.0
0.0
0.0
0.0
0.0
0.0
0.0
0.0
0.0
0.0
0.0
0.0
0.0
0.0
0.0
0.0
0.0
0.0
0.0
0.0
0.0
0.0
0.0
0.0
0.0
0.0
0.0
0.0
0.0
0.0
0.0
0.0
0.0
0.0
0.0
0.0
0.0
0.0
0.0
0.0
0.0
0.0
0.0
0.0
0.0
0.0
0.0
0.0
0.0
0.0
0.0
0.0
0.0
0.0
0.0
0.0
0.0
0.0
0.0
0.0
0.0
0.0
0.0
0.0
0.0
0.0
0.0
0.0
0.0
0.0
0.0
0.0
0.0
0.0
0.0
0.0
0.0
0.0
0.0
0.0
0.0
0.0
0.0
0.0
0.0
0.0
0.0
0.0
0.0
0.0
0.0
0.0
0.0
0.0
0.0
0.0
0.0
0.0
0.0
0.0
0.0
0.0
0.0
0.0
0.0
0.0
0.0
0.0
0.0
0.0
0.0
0.0
0.0
0.0
0.0
0.0
0.0
0.0
0.0
0.0
0.0
0.0
0.0
0.0
0.0
0.0
0.0
0.0
0.0
0.0
0.0
0.0
0.0
0.0
0.0
0.0
0.0
0.0
0.0
0.0
0.0
0.0
0.0
0.0
0.0
0.0
0.0
0.0
0.0
0.0
0.0
0.0
0.0
0.0
0.0
0.0
0.0
0.0
0.0
0.0
0.0
0.0
0.0
0.0
0.0
0.0
0.0
0.0
0.0
0.0
0.0
0.0
0.0
0.0
0.0
0.0
0.0
0.0
0.0
0.0
0.0
0.0
0.0
0.0
0.0
0.0
0.0
0.0
0.0
0.0
0.0
0.0
0.0
0.0
0.0
0.0
0.0
0.0
0.0
0.0
0.0
0.0
0.0
0.0
0.0
0.0
0.0
0.0
0.0
0.0
0.0
0.0
0.0
0.0
0.0
0.0
0.0
0.0
0.0
0.0
0.0
0.0
0.0
0.0
0.0
0.0
0.0
0.0
0.0
0.0
0.0
0.0
0.0
0.0
0.0
0.0
0.0
0.0
0.0
0.0
0.0
0.0
0.0
0.0
0.0
0.0
0.0
0.0
0.0
0.0
0.0
0.0
0.0
0.0
0.0
0.0
0.0
0.0
0.0
0.0
0.0
0.0
0.0
0.0
0.0
0.0
0.0
0.0
0.0
0.0
0.0
0.0
0.0
0.0
0.0
0.0
0.0
0.0
0.0
0.0
0.0
0.0
0.0
0.0
0.0
0.0
0.0
0.0
0.0
0.0
0.0
0.0
0.0
0.0
0.0
0.0
0.0
0.0
0.0
0.0
0.0
0.0
0.0
0.0
0.0
0.0
0.0
0.0
0.0
0.0
0.0
0.0
0.0
0.0
0.0
0.0
0.0
0.0
0.0
0.0
0.0
0.0
0.0
0.0
0.0
0.0
0.0
0.0
0.0
0.0
0.0
0.0
0.0
0.0
0.0
0.0
0.0
0.0
0.0
0.0
0.0
0.0
0.0
0.0
0.0
0.0
0.0
0.0
0.0
0.0
0.0
0.0
0.0
0.0
0.0
0.0
0.0
0.0
0.0
0.0
0.0
0.0
0.0
0.0
0.0
0.0
0.0
0.0
0.0
0.0
0.0
0.0
0.0
0.0
0.0
0.0
0.0
0.0
0.0
0.0
0.0
0.0
0.0
0.0
0.0
0.0
0.0
0.0
0.0
0.0
0.0
0.0
0.0
0.0
0.0
0.0
0.0
0.0
0.0
0.0
0.0
0.0
0.0
0.0
0.0
0.0
0.0
0.0
0.0
0.0
0.0
0.0
0.0
0.0
0.0
0.0
0.0
0.0
0.0
0.0
0.0
0.0
0.0
0.0
0.0
0.0
0.0
0.0
0.0
0.0
0.0
0.0
0.0
0.0
0.0
0.0
0.0
0.0
0.0
0.0
0.0
0.0
0.0
0.0
0.0
0.0
0.0
0.0
0.0
0.0
0.0
0.0
0.0
0.0
0.0
0.0
0.0
0.0
0.0
0.0
0.0
0.0
0.0
0.0
0.0
0.0
0.0
0.0
0.0
0.0
0.0
0.0
0.0
0.0
0.0
0.0
0.0
0.0
0.0
0.0
0.0
0.0
0.0
0.0
0.0
0.0
0.0
0.0
0.0
0.0
0.0
0.0
0.0
0.0
0.0
0.0
0.0
0.0
0.0
0.0
0.0
0.0
0.0
0.0
0.0
0.0
0.0
0.0
0.0
0.0
0.0
0.0
0.0
0.0
0.0
0.0
0.0
0.0
0.0
0.0
0.0
0.0
0.0
0.0
0.0
0.0
0.0
0.0
0.0
0.0
0.0
0.0
0.0
0.0
0.0
0.0
0.0
0.0
0.0
0.0
0.0
0.0
0.0
0.0
0.0
0.0
0.0
0.0
0.0
0.0
0.0
0.0
0.0
0.0
0.0
0.0
0.0
0.0
0.0
0.0
0.0
0.0
0.0
0.0
0.0
0.0
0.0
0.0
0.0
0.0
0.0
0.0
0.0
0.0
0.0
0.0
0.0
0.0
0.0
0.0
0.0
0.0
0.0
0.0
0.0
0.0
0.0
0.0
0.0
0.0
0.0
0.0
0.0
0.0
0.0
0.0
0.0
0.0
0.0
0.0
0.0
0.0
0.0
0.0
0.0
0.0
0.0
0.0
0.0
0.0
0.0
0.0
0.0
0.0
0.0
0.0
0.0
0.0
0.0
0.0
0.0
0.0
0.0
0.0
0.0
0.0
0.0
0.0
0.0
0.0
0.0
0.0
0.0
0.0
0.0
0.0
0.0
0.0
0.0
0.0
0.0
0.0
0.0
0.0
0.0
0.0
0.0
0.0
0.0
0.0
0.0
0.0
0.0
0.0
0.0
0.0
0.0
0.0
0.0
0.0
0.0
0.0
0.0
0.0
0.0
0.0
0.0
0.0
0.0
0.0
0.0
0.0
0.0
0.0
0.0
0.0
0.0
0.0
0.0
0.0
0.0
0.0
0.0
0.0
0.0
0.0
0.0
0.0
0.0
0.0
0.0
0.0
0.0
0.0
0.0
0.0
0.0
0.0
0.0
0.0
0.0
0.0
0.0
0.0
0.0
0.0
0.0
0.0
0.0
0.0
0.0
0.0
0.0
0.0
0.0
0.0
0.0
0.0
0.0
0.0
0.0
0.0
0.0
0.0
0.0
0.0
0.0
0.0
0.0
0.0
0.0
0.0
0.0
0.0
0.0
0.0
0.0
0.0
0.0
0.0
0.0
0.0
0.0
0.0
0.0
0.0
0.0
0.0
0.0
0.0
0.0
0.0
0.0
0.0
0.0
0.0
0.0
0.0
0.0
0.0
0.0
0.0
0.0
0.0
0.0
0.0
0.0
0.0
0.0
0.0
0.0
0.0
0.0
0.0
0.0
0.0
0.0
0.0
0.0
0.0
0.0
0.0
0.0
0.0
0.0
0.0
0.0
0.0
0.0
0.0
0.0
0.0
0.0
0.0
0.0
0.0
0.0
0.0
0.0
0.0
0.0
0.0
0.0
0.0
0.0
0.0
0.0
0.0
0.0
0.0
0.0
0.0
0.0
0.0
0.0
0.0
0.0
0.0
0.0
0.0
0.0
0.0
0.0
0.0
0.0
0.0
0.0
0.0
0.0
0.0
0.0
0.0
0.0
0.0
0.0
0.0
0.0
0.0
0.0
0.0
0.0
0.0
0.0
0.0
0.0
0.0
0.0
0.0
0.0
0.0
0.0
0.0
0.0
0.0
0.0
0.0
0.0
0.0
0.0
0.0
0.0
0.0
0.0
0.0
0.0
0.0
0.0
0.0
0.0
0.0
0.0
0.0
0.0
0.0
0.0
0.0
0.0
0.0
0.0
0.0
0.0
0.0
0.0
0.0
0.0
0.0
0.0
0.0
0.0
0.0
0.0
0.0
0.0
0.0
0.0
0.0
0.0
0.0
0.0
0.0
0.0
0.0
0.0
0.0
0.0
0.0
0.0
0.0
0.0
0.0
0.0
0.0
0.0
0.0
0.0
0.0
0.0
0.0
0.0
0.0
0.0
0.0
0.0
0.0
0.0
0.0
0.0
0.0
0.0
0.0
0.0
0.0
0.0
0.0
0.0
0.0
0.0
0.0
0.0
0.0
0.0
0.0
0.0
0.0
0.0
0.0
0.0
0.0
0.0
0.0
0.0
0.0
0.0
0.0
0.0
0.0
0.0
0.0
0.0
0.0
0.0
0.0
0.0
0.0
0.0
0.0
0.0
0.0
0.0
0.0
0.0
0.0
0.0
0.0
0.0
0.0
0.0
0.0
0.0
0.0
0.0
0.0
0.0
0.0
0.0
0.0
0.0
0.0
0.0
0.0
0.0
0.0
0.0
0.0
0.0
0.0
0.0
0.0
0.0
0.0
0.0
0.0
0.0
0.0
0.0
0.0
0.0
0.0
0.0
0.0
0.0
0.0
0.0
0.0
0.0
0.0
0.0
0.0
0.0
0.0
0.0
0.0
0.0
0.0
0.0
0.0
0.0
0.0
0.0
0.0
0.0
0.0
0.0
0.0
0.0
0.0
0.0
0.0
0.0
0.0
0.0
0.0
0.0
0.0
0.0
0.0
0.0
0.0
0.0
0.0
0.0
0.0
0.0
0.0
0.0
0.0
0.0
0.0
0.0
0.0
0.0
0.0
0.0
0.0
0.0
0.0
0.0
0.0
0.0
0.0
0.0
0.0
0.0
0.0
0.0
0.0
0.0
0.0
0.0
0.0
0.0
0.0
0.0
0.0
0.0
0.0
0.0
0.0
0.0
0.0
0.0
0.0
0.0
0.0
0.0
0.0
0.0
0.0
0.0
0.0
0.0
0.0
0.0
0.0
0.0
0.0
0.0
0.0
0.0
0.0
0.0
0.0
0.0
0.0
0.0
0.0
0.0
0.0
0.0
0.0
0.0
0.0
0.0
0.0
0.0
0.0
0.0
0.0
0.0
0.0
0.0
0.0
0.0
0.0
0.0
0.0
0.0
0.0
0.0
0.0
0.0
0.0
0.0
0.0
0.0
0.0
0.0
0.0
0.0
0.0
0.0
0.0
0.0
0.0
0.0
0.0
0.0
0.0
0.0
0.0
0.0
0.0
0.0
0.0
0.0
0.0
0.0
0.0
0.0
0.0
0.0
0.0
0.0
0.0
0.0
0.0
0.0
0.0
0.0
0.0
0.0
0.0
0.0
0.0
0.0
0.0
0.0
0.0
0.0
0.0
0.0
0.0
0.0
0.0
0.0
0.0
0.0
0.0
0.0
0.0
0.0
0.0
0.0
0.0
0.0
0.0
0.0
0.0
0.0
0.0
0.0
0.0
0.0
0.0
0.0
0.0
0.0
0.0
0.0
0.0
0.0
0.0
0.0
0.0
0.0
0.0
0.0
0.0
0.0
0.0
0.0
0.0
0.0
0.0
0.0
0.0
0.0
0.0
0.0
0.0
0.0
0.0
0.0
0.0
0.0
0.0
0.0
0.0
0.0
0.0
0.0
0.0
0.0
0.0
0.0
0.0
0.0
0.0
0.0
0.0
0.0
0.0
0.0
0.0
0.0
0.0
0.0
0.0
0.0
0.0
0.0
0.0
0.0
0.0
0.0
0.0
0.0
0.0
0.0
0.0
0.0
0.0
0.0
0.0
0.0
0.0
0.0
0.0
0.0
0.0
0.0
0.0
0.0
0.0
0.0
0.0
0.0
0.0
0.0
0.0
0.0
0.0
0.0
0.0
0.0
0.0
0.0
0.0
0.0
0.0
0.0
0.0
0.0
0.0
0.0
0.0
0.0
0.0
0.0
0.0
0.0
0.0
0.0
0.0
0.0
0.0
0.0
0.0
0.0
0.0
0.0
0.0
0.0
0.0
0.0
0.0
0.0
0.0
0.0
0.0
0.0
0.0
0.0
0.0
0.0
0.0
0.0
0.0
0.0
0.0
0.0
0.0
0.0
0.0
0.0
0.0
0.0
0.0
0.0
0.0
0.0
0.0
0.0
0.0
0.0
0.0
0.0
0.0
0.0
0.0
0.0
0.0
0.0
0.0
0.0
0.0
0.0
0.0
0.0
0.0
0.0
0.0
0.0
0.0
0.0
0.0
0.0
0.0
0.0
0.0
0.0
0.0
0.0
0.0
0.0
0.0
0.0
0.0
0.0
0.0
0.0
0.0
0.0
0.0
0.0
0.0
0.0
0.0
0.0
0.0
0.0
0.0
0.0
0.0
0.0
0.0
0.0
0.0
0.0
0.0
0.0
0.0
0.0
0.0
0.0
0.0
0.0
0.0
0.0
0.0
0.0
0.0
0.0
0.0
0.0
0.0
0.0
0.0
0.0
0.0
0.0
0.0
0.0
0.0
0.0
0.0
0.0
0.0
0.0
0.0
0.0
0.0
0.0
0.0
0.0
0.0
0.0
0.0
0.0
0.0
0.0
0.0
0.0
0.0
0.0
0.0
0.0
0.0
0.0
0.0
0.0
0.0
0.0
0.0
0.0
0.0
0.0
0.0
0.0
0.0
0.0
0.0
0.0
0.0
0.0
0.0
0.0
0.0
0.0
0.0
0.0
0.0
0.0
0.0
0.0
0.0
0.0
0.0
0.0
0.0
0.0
0.0
0.0
0.0
0.0
0.0
0.0
0.0
0.0
0.0
0.0
0.0
0.0
0.0
0.0
0.0
0.0
0.0
0.0
0.0
0.0
0.0
0.0
0.0
0.0
0.0
0.0
0.0
0.0
0.0
0.0
0.0
0.0
0.0
0.0
0.0
0.0
0.0
0.0
0.0
0.0
0.0
0.0
0.0
0.0
0.0
0.0
0.0
0.0
0.0
0.0
0.0
0.0
0.0
0.0
0.0
0.0
0.0
0.0
0.0
0.0
0.0
0.0
0.0
0.0
0.0
0.0
0.0
0.0
0.0
0.0
0.0
0.0
0.0
0.0
0.0
0.0
0.0
0.0
0.0
0.0
0.0
0.0
0.0
0.0
0.0
0.0
0.0
0.0
0.0
0.0
0.0
0.0
0.0
0.0
0.0
0.0
0.0
0.0
0.0
0.0
0.0
0.0
0.0
0.0
0.0
0.0
0.0
0.0
0.0
0.0
0.0
0.0
0.0
0.0
0.0
0.0
0.0
0.0
0.0
0.0
0.0
0.0
0.0
0.0
0.0
0.0
0.0
0.0
0.0
0.0
0.0
0.0
0.0
0.0
0.0
0.0
0.0
0.0
0.0
0.0
0.0
0.0
0.0
0.0
0.0
0.0
0.0
0.0
0.0
0.0
0.0
0.0
0.0
0.0
0.0
0.0
0.0
0.0
0.0
0.0
0.0
0.0
0.0
0.0
0.0
0.0
0.0
0.0
0.0
0.0
0.0
0.0
0.0
0.0
0.0
0.0
0.0
0.0
0.0
0.0
0.0
0.0
0.0
0.0
0.0
0.0
0.0
0.0
0.0
0.0
0.0
0.0
0.0
0.0
0.0
0.0
0.0
0.0
0.0
0.0
0.0
0.0
0.0
0.0
0.0
0.0
0.0
0.0
0.0
0.0
0.0
0.0
0.0
0.0
0.0
0.0
0.0
0.0
0.0
0.0
0.0
0.0
0.0
0.0
0.0
0.0
0.0
0.0
0.0
0.0
0.0
0.0
0.0
0.0
0.0
0.0
0.0
0.0
0.0
0.0
0.0
0.0
0.0
0.0
0.0
0.0
0.0
0.0
0.0
0.0
0.0
0.0
0.0
0.0
0.0
0.0
0.0
0.0
0.0
0.0
0.0
0.0
0.0
0.0
0.0
0.0
0.0
0.0
0.0
0.0
0.0
0.0
0.0
0.0
0.0
0.0
0.0
0.0
0.0
0.0
0.0
0.0
0.0
0.0
0.0
0.0
0.0
0.0
0.0
0.0
0.0
0.0
0.0
0.0
0.0
0.0
0.0
0.0
0.0
0.0
0.0
0.0
0.0
0.0
0.0
0.0
0.0
0.0
0.0
0.0
0.0
0.0
0.0
0.0
0.0
0.0
0.0
0.0
0.0
0.0
0.0
0.0
0.0
0.0
0.0
0.0
0.0
0.0
0.0
0.0
0.0
0.0
0.0
0.0
0.0
0.0
0.0
0.0
0.0
0.0
0.0
0.0
0.0
0.0
0.0
0.0
0.0
0.0
0.0
0.0
0.0
0.0
0.0
0.0
0.0
0.0
0.0
0.0
0.0
0.0
0.0
0.0
0.0
0.0
0.0
0.0
0.0
0.0
0.0
0.0
0.0
0.0
0.0
0.0
0.0
0.0
0.0
0.0
0.0
0.0
0.0
0.0
0.0
0.0
0.0
0.0
0.0
0.0
0.0
0.0
0.0
0.0
0.0
0.0
0.0
0.0
0.0
0.0
0.0
0.0
0.0
0.0
0.0
0.0
0.0
0.0
0.0
0.0
0.0
0.0
0.0
0.0
0.0
0.0
0.0
0.0
0.0
0.0
0.0
0.0
0.0
0.0
0.0
0.0
0.0
0.0
0.0
0.0
0.0
0.0
0.0
0.0
0.0
0.0
0.0
0.0
0.0
0.0
0.0
0.0
0.0
0.0
0.0
0.0
0.0
0.0
0.0
0.0
0.0
0.0
0.0
0.0
0.0
0.0
0.0
0.0
0.0
0.0
0.0
0.0
0.0
0.0
0.0
0.0
0.0
0.0
0.0
0.0
0.0
0.0
0.0
0.0
0.0
0.0
0.0
0.0
0.0
0.0
0.0
0.0
0.0
0.0
0.0
0.0
0.0
0.0
0.0
0.0
0.0
0.0
0.0
0.0
0.0
0.0
0.0
0.0
0.0
0.0
0.0
0.0
0.0
0.0
0.0
0.0
0.0
0.0
0.0
0.0
0.0
0.0
0.0
0.0
0.0
0.0
0.0
0.0
0.0
0.0
0.0
0.0
0.0
0.0
0.0
0.0
0.0
0.0
0.0
0.0
0.0
0.0
0.0
0.0
0.0
0.0
0.0
0.0
0.0
0.0
0.0
0.0
0.0
0.0
0.0
0.0
0.0
0.0
0.0
0.0
0.0
0.0
0.0
0.0
0.0
0.0
0.0
0.0
0.0
0.0
0.0
0.0
0.0
0.0
0.0
0.0
0.0
0.0
0.0
0.0
0.0
0.0
0.0
0.0
0.0
0.0
0.0
0.0
0.0
0.0
0.0
0.0
0.0
0.0
0.0
0.0
0.0
0.0
0.0
0.0
0.0
0.0
0.0
0.0
0.0
0.0
0.0
0.0
0.0
0.0
0.0
0.0
0.0
0.0
0.0
0.0
0.0
0.0
0.0
0.0
0.0
0.0
0.0
0.0
0.0
0.0
0.0
0.0
0.0
0.0
0.0
0.0
0.0
0.0
0.0
0.0
0.0
0.0
0.0
0.0
