-1.4861221608414186
-0.16446812331824137
-0.1609588288126538
-0.13969952383744946
-0.20810751715881168
-0.2046878301896326
-0.18317038954485867
-0.24036689267856262
-0.23641556013105863
-0.2173647011003106
-0.2646782647736883
-0.26159418456973227
-0.2507272544443709
-0.28264344207811615
-0.27985840023940023
-0.27215685183231025
-0.2940541588074744
-0.2923981796459256
-0.2837117537368977
-0.2991255669482438
-0.29754694328382714
-0.2887630639562782
-0.3027891207307641
-0.30030166317627466
-0.2912460721613434
-0.30076197847286257
-0.2976864853717104
-0.2893169574384882
-0.29531776343956534
-0.29229165692400694
-0.2835465470527034
-0.289527184111012
-0.28554708275686375
-0.2780851782551341
-0.2799371099951144
-0.2771987307738998
-0.2695185652794947
-0.2671617735245374
-0.26632281835288935
-0.259421915737888
-0.25445288398354254
-0.2554833931008557
-0.2468417621648217
-0.24185716442190533
-0.2421735705655867
-0.2342118704328348
-0.2257291200375948
-0.2275482614354524
-0.22122768144729837
-0.20433258979800215
-0.20508579177829644
-0.21230931524941526
-0.20952747832233098
-0.21067329367417345
-0.21585018623976537
-0.20776833887910556
-0.20903891893275747
-0.2129094544273218
-0.19874985636585732
-0.19979845138943503
-0.20472351637730984
-0.17836022515869573
-0.18042141012590146
-0.1852963633957817
-0.14878866180043743
-0.1515775355825526
-0.15395381415329035
-0.19528197346032306
-0.19206493410558756
-0.1869168081337937
-0.23050227731633893
-0.2261998678757114
-0.220074558433905
-0.25799456817995503
-0.25242805447129196
-0.2509954352023044
-0.27928090239506204
-0.27464309740872456
-0.27900709722671446
-0.2931250889633157
-0.2906964569576608
-0.2989704631173978
-0.3030136980270576
-0.3035471381234928
-0.313045319178162
-0.31165369400533005
-0.31289769112982924
-0.3239193535172957
-0.3181330385854267
-0.3214778425920774
-0.3324455195354554
-0.32248187148063717
-0.327203248110005
-0.3376382457625515
-0.3266058758997722
-0.33156093314455853
-0.3410886166776139
-0.329392737938077
-0.33501121265728334
-0.34428142493184866
-0.3307546725221533
-0.3362434453042384
-0.3444072359715464
-0.3303621385073761
-0.3356042282081899
-0.3420542856909888
-0.32819835670507636
-0.33163871774320336
-0.3385011507607842
-0.3249571507032381
-0.32820132947719854
-0.33520734189440743
-0.31846164613162004
-0.3224629666366893
-0.32997272485376294
-0.31028535785611905
-0.3138233520676637
-0.3222209102504916
-0.2962991021823392
-0.30023886895149304
-0.3075314671658354
-0.277846220161449
-0.2809708313570595
-0.2898257132208557
-0.2499371217137956
-0.25372982603824956
-0.26307839926087634
-0.21259157355929292
-0.21837322256792957
-0.22661712100080234
-0.19957145009563204
-0.1944588838015318
-0.18529705472755065
-0.24335939788333555
-0.2366947457807878
-0.22560678305007476
-0.27518655068135783
-0.268200201130378
-0.25914424995179275
-0.2990733031769229
-0.29349814828256143
-0.290710093136122
-0.3164324310843258
-0.3123525301103733
-0.31224111128169246
-0.3276717971055854
-0.32629563276055784
-0.32494610070360325
-0.33569369027209234
-0.33491321090320236
-0.33448611518224847
-0.34353107166938385
-0.34250767988840336
-0.3406641341544502
-0.34727623023639037
-0.3471112795998322
-0.3463589936401716
-0.3519088760142066
-0.35030697487453916
-0.3513641193933659
-0.3530693396071433
-0.35152868460978287
-0.3544747966244867
-0.35246727596492433
-0.35171132538207306
-0.35455522952247964
-0.3511154213739538
-0.34991828312640005
-0.3536232386122654
-0.34865060312193236
-0.3482008979148294
-0.35252466568463414
-0.34524594843420314
-0.3444792717956144
-0.3511624018189921
-0.339750341566711
-0.3394101548151159
-0.3493934823579987
-0.3306402608476765
-0.33112620556063155
-0.3451867731930965
-0.3177051994556582
-0.31891570710426564
-0.3352241381526863
-0.30584409522977357
-0.3039790792101346
-0.3225536291079581
-0.28517550818558063
-0.2857724609322554
-0.30725272093264283
-0.2596798486663677
-0.2637935860626232
-0.2800183104573926
-0.3889948298016023
-0.3892405083262054
-0.3775889476550595
-0.38448788076848045
-0.385045697873635
-0.37296218259437797
-0.3798453356274116
-0.38078965666544534
-0.36836308696894265
-0.37535349023789377
-0.37634014224970674
-0.36430823369078025
-0.37110020058610665
-0.37118753850605657
-0.3600972137599943
-0.36539507943004323
-0.3665480509694438
-0.3562676052715152
-0.3596502147138655
-0.3610860425893523
-0.3513911235347175
-0.3539197822614677
-0.3553361646741724
-0.3480659175790843
-0.346009503800129
-0.34789675210592946
-0.34136508478370964
-0.33639316646892314
-0.33868411231892953
-0.332128196224922
-0.3270810378833204
-0.3291212082871242
-0.32350607755572264
-0.3160918724394286
-0.3185757980810253
-0.3143324302903827
-0.3037574643840502
-0.30675367895841904
-0.3039020125304668
-0.29122969169882107
-0.2943764297505203
-0.29214329596871713
-0.27824752553919185
-0.2806302395663135
-0.27919456523008
-0.26317365211021515
-0.26459503525847333
-0.26432855485809303
-0.24067466952096941
-0.23816651568628258
-0.23434986818408055
-0.2539579386083417
-0.25198129255718205
-0.247733372326562
-0.2656785230014516
-0.2650264135690459
-0.2600097814597133
-0.2760664049868752
-0.2762832617761276
-0.27116499227063456
-0.2844046577737731
-0.2861167822687077
-0.28046077609763903
-0.29327829231272284
-0.2950786591317646
-0.28916724707920105
-0.30224782764295777
-0.30333594270822484
-0.29753076666163086
-0.30920360366655203
-0.3108053057080529
-0.3045168980277112
-0.31681691698082326
-0.3180605921500512
-0.31259611191357534
-0.32456121473352245
-0.3250922305409697
-0.32169772764955545
-0.3309174254318766
-0.33143223685801215
-0.32928195818215716
-0.3374299267293676
-0.33763943506640626
-0.33696500324119755
-0.34270421526268285
-0.342599021427646
-0.3439573902154836
-0.34722511505654546
-0.3479107171651974
-0.35016314822315636
-0.35066123022215245
-0.3509838244117004
-0.3560702947572691
-0.35338913457771876
-0.3545961598816477
-0.35991375896267935
-0.35603252254810797
-0.3577160614197066
-0.3638884863679535
-0.3577207680198359
-0.35941735038824213
-0.36514110532563215
-0.35878147701921753
-0.3607575813644041
-0.3656877678392155
-0.35911994395025437
-0.3611036728143032
-0.3656901404030763
-0.35998684632253247
-0.36215196009425304
-0.3651297881397878
-0.3599739046047014
-0.3618273336561221
-0.3642549591881342
-0.3598696866051955
-0.3616526866526217
-0.3629508210236921
-0.3599306552625873
-0.36090628450469514
-0.3610475065478348
-0.35959680462641097
-0.36148667856785904
-0.36138032961615885
-0.3601368206790791
-0.3617511611195049
-0.3592628967318129
-0.36067201252822423
-0.3630280512818258
-0.3588783464355028
-0.36229458940657505
-0.36355230011665407
-0.35856922795742596
-0.36451284260268285
-0.36443179208768883
-0.358382376220625
-0.3663876245227231
-0.3660441061111017
-0.35998512704411045
-0.3684671140466557
-0.367751887408648
-0.36193330274604735
-0.37096312937421316
-0.3699145777326263
-0.3639884579368335
-0.3725962370473964
-0.37190558045598526
-0.3664303312400135
-0.3745733881932906
-0.3733801858978343
-0.36890051379204863
-0.3763688631464
-0.3747343609324545
-0.37075853693276417
-0.3775191662183649
-0.3757586814891281
-0.37192086413129394
-0.3782552969839171
-0.37733338097250246
-0.37434421829620934
-0.3786243622420824
-0.3780889014421353
-0.3743931798826539
-0.37886104912577895
-0.3784171062728197
-0.37376498265982905
-0.37852810588354274
-0.37815952917473544
-0.37316032995321824
-0.3782414941696755
-0.37792302206087064
-0.37225896145645754
-0.3764723529508175
-0.37697172751051206
-0.37019425610708845
-0.37517807914464013
-0.3759520640367705
-0.36845615531016535
-0.37262964482439526
-0.3734072236821963
-0.36566773175224315
-0.3691780872960838
-0.3704665731565727
-0.3631792154645184
-0.3729749976270417
-0.37006655383906384
-0.3613663344289221
-0.3738045575659376
-0.37197865225647436
-0.36490929733153704
-0.3788163083212906
-0.38014231745006255
-0.36701547688453384
-0.23842827557697152
-0.236018482421453
-0.22584159219063893
-0.2572935303518084
-0.25442464561175654
-0.24327096378800303
-0.2754645100354126
-0.2721217125666533
-0.26096666727272105
-0.29085607143631886
-0.28755891678176093
-0.2766415468512763
-0.305405009886376
-0.3015151605563824
-0.2910300475356704
-0.31884772514291254
-0.3149945280095147
-0.30486987198257337
-0.3308328806729344
-0.3262955832980734
-0.31755476183399656
-0.34181547787412475
-0.33770794839090784
-0.3304039780974825
-0.35236007979766065
-0.34809441454838985
-0.3441470623856953
-0.3617067786020752
-0.3577871215865011
-0.35700652692239904
-0.37033929189994386
-0.36702611402838464
-0.3666317884754381
-0.3788875287564478
-0.3757118737924594
-0.37669968946870797
-0.38514496319220143
-0.38304416377222894
-0.3866680086108918
-0.39185092729944765
-0.38960378892692477
-0.3928434390807889
-0.39760432467477547
-0.3958637698620706
-0.3987218922957164
-0.40224336524225063
-0.4017051292347832
-0.4051150457419129
-0.40644020712912393
-0.4063040664927914
-0.40888779059876496
-0.41034833948997446
-0.41053992959103547
-0.41223316348215233
-0.4130777783187836
-0.4137587558703629
-0.41713766743295627
-0.4162353991740201
-0.41717562701850985
-0.42104761944016084
-0.42050007231942926
-0.4207804879275961
-0.42406422978895614
-0.4227952658166203
-0.42363593379904113
-0.4262852522656427
-0.4252624863301681
-0.4262909258347959
-0.4284943224900424
-0.42697797206965316
-0.4280063893959487
-0.4305006681766885
-0.42868547714118665
-0.42955591709143204
-0.4329541736783743
-0.4298233712202333
-0.4309984632893084
-0.43384058448130236
-0.4317227469848671
-0.43314250423025935
-0.4347913468238102
-0.432736290208718
-0.43349152050520157
-0.43606113746792535
-0.4338325432039427
-0.43513917390141754
-0.4368780347480551
-0.4348540613524622
-0.4351612182583261
-0.4364244208701187
-0.4357337669740418
-0.43598264502747375
-0.43903944361408864
-0.4358696919937573
-0.43642954744948004
-0.4387252234087886
-0.43678598853623074
-0.4372101346957021
-0.43923743994268094
-0.4371802304242354
-0.43787021889573663
-0.4397555462937012
-0.43626554176331767
-0.4382000902680302
-0.43964105697383526
-0.4359578208693565
-0.43755676166821406
-0.43898389381238506
-0.43517281637046473
-0.43696248559231887
-0.438092062437122
-0.434048097920068
-0.43530558349306153
-0.4362276917782206
-0.4342680360731919
-0.435499244369457
-0.435273596755951
-0.43258129814915125
-0.43509212491692645
-0.43395166831182674
-0.43015723022078267
-0.4340188730160521
-0.4309349739933891
-0.43074588920673257
-0.4321462539204525
-0.4301964095724081
-0.42940766706337646
-0.4309537464039943
-0.42999912791229367
-0.4280697899078979
-0.4298781796443378
-0.4299920870599923
-0.4268680335729515
-0.4279818551275436
-0.4288635529246444
-0.4235527203455523
-0.4266565792654383
-0.427126773486529
-0.4232558143414385
-0.4242220332193844
-0.42616308843841777
-0.4218755627133708
-0.4242086188182799
-0.4245020458921483
-0.42039208657890503
-0.4217659050616328
-0.42379147589487587
-0.4171481761014362
-0.41974348438508907
-0.4211922528550485
-0.41351768357685526
-0.4155311067481168
-0.4185889344964347
-0.40787740060141814
-0.4118589284093679
-0.4161035239665792
-0.40260583108616593
-0.40571697470241047
-0.40994149992304063
-0.3989065351824784
-0.40035474922201725
-0.40533826023591857
-0.3913659821910025
-0.39292138582667385
-0.3993773256874984
-0.38519812373504125
-0.3842566449218588
-0.39210624270163974
-0.37726039682508156
-0.3767169328190247
-0.3843228408410732
-0.36673964781154705
-0.36627858603105684
-0.37489465101777597
-0.3550703076649667
-0.3546496476484757
-0.36347527118255646
-0.3433545870352106
-0.3423597617346325
-0.35177982314215717
-0.32941091165115605
-0.3289566143906549
-0.33971417212002986
-0.314151751891194
-0.3136304681821257
-0.3245041004452602
-0.2985089942607527
-0.2987819751944786
-0.3097285196134365
-0.28141485859254856
-0.28232729566076525
-0.29180890585388203
-0.1945768315210314
-0.19596891475751216
-0.2030373478736808
-0.22591221003378667
-0.22310170043813507
-0.221166093364692
-0.2245267064833637
-0.22828167951355308
-0.23788942381761197
-0.1627231393109451
-0.16909341631512104
-0.1732721732298751
-0.25940828779965636
-0.26056223180255395
-0.26586329105016104
-0.240543033024819
-0.2421560686122503
-0.24843391945279705
-0.10696585418263672
-0.11127100860263632
-0.11061395852783863
-0.22237205334121513
-0.22445900165735325
-0.23073821596807875
-0.21274462298593316
-0.21339545855595352
-0.2088380399227555
-0.24724298732427846
-0.24836835011756506
-0.24979923881186333
-0.195080593155712
-0.19791606409073795
-0.19772691577196244
-0.23288365333244768
-0.2331872113947029
-0.2352137368019457
-0.14448963051228883
-0.1435011235492104
-0.1352134329259121
-0.21645340628237275
-0.2142534185632424
-0.19989597738691744
-0.14818855991346194
-0.14465482871389487
-0.1322350089394258
-0.19943569006040046
-0.19779873902952877
-0.18195014713208862
-0.18432719655161012
-0.18571225629839674
-0.19291773825714578
-0.21207323720152804
-0.20864064024910556
-0.20710051856272677
-0.17638036360967194
-0.18035786768400344
-0.1897917930495216
-0.20698049194030907
-0.209021797442246
-0.21506333638952432
-0.18016564034275573
-0.18025776280794828
-0.18407423295335346
-0.21984741565287985
-0.21870246732821444
-0.22127597644590707
-0.11936969594962099
-0.1163487313874404
-0.0869172214782494
-0.18391804778012563
-0.18295024604188137
-0.16712083784664675
-0.1211534447193494
-0.12773704630690036
-0.13277559317055074
-0.19243155349025148
-0.19506555366762476
-0.20067483570512937
-0.16440979667597433
-0.16268527073893652
-0.16771654137858996
-0.20824414267689098
-0.2056948227448875
-0.20837548123419117
-0.10603742189528023
-0.10569537214280426
-0.09516441270185833
-0.1689109758079771
-0.1676062042225988
-0.15185726973484504
-0.17483983312140958
-0.17635414208873132
-0.18427049087353758
-0.20029854213020892
-0.196103242361704
-0.19533725711271707
-0.1651579382741366
-0.16769846395053098
-0.17617367750503019
-0.18898960537359988
-0.1849382501733435
-0.1846864539160138
-0.07870132635021608
-0.0846054378323406
-0.08444233959380719
-0.17898883823371575
-0.18158618621449282
-0.1868350112582264
-0.14761112136504245
-0.14525673105131515
-0.15209130874357618
-0.198605937936784
-0.19483618716419504
-0.19741467315097608
-0.11094096493629456
-0.10799984431100956
-0.09602490846686186
-0.1552972813725647
-0.15419946171913046
-0.13976547109456705
-0.08957182538590525
-0.08615476583867418
-0.05735143901120108
-0.14370903171720686
-0.14187964108998583
-0.12792447467054924
-0.13947844294885167
-0.14437409653438738
-0.1509983858686344
-0.1670036827036938
-0.17028513092593384
-0.17415012140680247
-0.09120107384136783
-0.09782008358988642
-0.10182851344223985
-0.15602108550250313
-0.15884894444226197
-0.16228854149323993
-0.12969460202746383
-0.12811641173472504
-0.13580193652028857
-0.18832735566004333
-0.18508824587264439
-0.1869927472867567
-0.058664455130876265
-0.05697183413791902
-0.05119081076646863
-0.05148715137404981
-0.04956156050212554
-0.045189923021477285
-0.07698955322368058
-0.07648340261828515
-0.06637085665227123
-0.13218551133387973
-0.13025176943013442
-0.11637443390242967
-0.15488633334920865
-0.1579686465819135
-0.16812042025864682
-0.17803575187093487
-0.17402242822729042
-0.17491735042023615
-0.14425365836738996
-0.1481309815604693
-0.15924512106963334
-0.16818370445824207
-0.16438312361902435
-0.16658100538226692
-0.0587765400499233
-0.06556278237678345
-0.06524960062083422
-0.1454306748280202
-0.1484165443736407
-0.151206744764668
-0.11306675443847486
-0.11134182997861634
-0.11847822677993308
-0.17866549375483315
-0.17593470103621714
-0.17743653092739556
-0.07204319695025489
-0.07170724000118706
-0.06790808994374876
-0.1703861460785638
-0.1675753039153048
-0.16900020425397813
-0.06559873931635817
-0.06459287105760039
-0.05895830414746295
-0.0826543812239453
-0.08039827955324552
-0.07100333424593375
-0.06823848765620022
-0.06588043079716618
-0.03783321078315607
-0.11374602490051541
-0.11101654740758321
-0.09861914600135253
-0.12179377845316296
-0.11974728047015945
-0.10665898926391973
-0.13574752321852887
-0.1396071071724934
-0.15146536493860407
-0.15959833178788962
-0.15589384028822956
-0.1584530345175924
-0.11062941671326129
-0.11472104807899644
-0.11881674742499473
-0.13595071635634612
-0.13869892773455156
-0.14107521372562132
-0.06895863113783378
-0.0740649431313857
-0.07782567845406259
-0.12706209174478258
-0.12936580420092073
-0.13167556360949936
-0.09834294912830904
-0.0958680639141174
-0.10109211431022978
-0.07658784347929752
-0.07743893212853478
-0.07522960006355703
-0.16191483837713336
-0.15949377120249472
-0.15987476851507057
-0.08014279239032737
-0.08139240988865118
-0.07920677981308484
-0.15304715800703744
-0.151240627601523
-0.15036344110936195
-0.04524993716705742
-0.04296060101154133
-0.040293760776062636
-0.03905523063999891
-0.03712589536970964
-0.036510672600551325
-0.10462125575606529
-0.10225172783320396
-0.09109052112003908
-0.06405265941948907
-0.06045914727538474
-0.05194863495743123
-0.09695617901423488
-0.09464785472007918
-0.08331763566438727
-0.0566874033629162
-0.055898703222714986
-0.046554361491131416
-0.052559871496370314
-0.05054590804874402
-0.025593164813399887
-0.09013191945723617
-0.08771545862531041
-0.07839655605392293
-0.04152217363296907
-0.040527465110494765
-0.029998011490547184
-0.08254558902728862
-0.08097371790134536
-0.07138135232834202
-0.12720551751901835
-0.13100810750303538
-0.1433098923620177
-0.15107318978547862
-0.14767645746803082
-0.1500505848421867
-0.12000614508585544
-0.12333427062276697
-0.13503918010429725
-0.14391678111515888
-0.1412445495498339
-0.14363896566171414
-0.11395221137053994
-0.116211812586536
-0.12837460347667728
-0.13818634866276008
-0.1354946716346541
-0.14031375970608073
-0.10818920643477577
-0.10930694958885802
-0.12140329200501476
-0.132441483946582
-0.13003266325456228
-0.13543727796928368
-0.10250152111408506
-0.10318576353282953
-0.11451115677858144
-0.1267363627905185
-0.12539317571794958
-0.13160766948080443
-0.04472838725300745
-0.050260337137544076
-0.050362795967986033
-0.11839710953472532
-0.1206800444368458
-0.12267735931723872
-0.08826384375671172
-0.09127386313218395
-0.09427077569424776
-0.053666612544544724
-0.057136800463795184
-0.06016798686962053
-0.11191182082002385
-0.11325775213068393
-0.11504442061214952
-0.10494670158502853
-0.10646128386164203
-0.10825163947068016
-0.03636569364675813
-0.040122560958230406
-0.04013169691255743
-0.09870221725650467
-0.10010372541981422
-0.1017062132469856
-0.07054108388728189
-0.0739123036573075
-0.07631254678656543
-0.09351674769343447
-0.09419062336285738
-0.09534989508308972
-0.0853269948978361
-0.0820548390739597
-0.0846451684515141
-0.07290436561670972
-0.06984821771287156
-0.07115666129627764
-0.08367537052949317
-0.08433921114853615
-0.08099073522326415
-0.14567319775269086
-0.1439737814197455
-0.14256929053350695
-0.08552611889269943
-0.08501381708814029
-0.07942052096852018
-0.13828194264465754
-0.13683769353915126
-0.134494504593364
-0.08600325168199054
-0.08484265797894887
-0.07807026333731301
-0.13194732567608852
-0.13078065498412567
-0.12695958930612597
-0.08508728898511107
-0.08293375599017128
-0.07480951337670122
-0.1260473540428265
-0.12459994273385776
-0.12000373865828573
-0.08464453008438072
-0.08138002807439813
-0.0736551907027983
-0.12132534169843284
-0.11992313575437104
-0.11407097896761292
-0.0332977730818591
-0.0323036131631859
-0.03515198868035599
-0.04897324878416429
-0.046129012952522815
-0.037878367608548014
-0.07636682054674175
-0.07537799209628593
-0.06556759675319006
-0.04164287895532858
-0.03940034064123963
-0.01655712869518463
-0.07192513340234633
-0.07062033366328464
-0.06091072670946818
-0.031155648957810894
-0.030888151694588823
-0.019251143258247547
-0.0668444274824443
-0.06549690735627128
-0.057321631836187284
-0.09702851382838708
-0.09619293701676866
-0.10627927247802961
-0.12248307313873132
-0.1202405719742994
-0.1273966495500178
-0.09046598799437211
-0.08988002316701411
-0.10019006073368765
-0.11799122774921425
-0.11579105755856059
-0.12334179627185557
-0.08274855427750741
-0.08287108659212798
-0.09347115730641785
-0.1133486826081454
-0.1115350163503708
-0.11874270064642065
-0.027525239754841783
-0.025911034391546354
-0.023151735538168055
-0.04308982950103507
-0.044920417437888924
-0.04781479317219831
-0.08896955097225193
-0.08942252243477462
-0.09021781921190494
-0.031613132351661306
-0.03304745047115413
-0.03256248195239033
-0.08444876695544638
-0.08491629229817257
-0.0850715545638428
-0.05891227569264842
-0.06235714968771971
-0.06320143031746084
-0.08108056435259234
-0.08098930191159769
-0.08091994495214795
-0.035425956814371204
-0.036459470614971595
-0.038285710158993624
-0.07694160139700926
-0.07689145954353276
-0.0764286225981892
-0.06189444859965456
-0.05963457027120916
-0.06048157576434556
-0.0834086203859975
-0.07928537174043243
-0.07171472539978503
-0.11718657636454281
-0.1153671219362839
-0.10955756418691928
-0.02908474578822529
-0.027847561968905938
-0.03315883305578975
-0.039367777250262116
-0.03656681143182186
-0.030219876312115364
-0.0625120445710748
-0.06164426715418377
-0.05419471459275263
-0.025252105422426778
-0.023906242724621874
-0.030283390892004845
-0.03381677277016407
-0.03217848144919787
-0.013109530027871463
-0.05444884960125653
-0.053432112178708996
-0.04788216584615679
-0.0584130231384666
-0.05750551518734755
-0.0510926926770644
-0.023692811733132122
-0.02378129399916274
-0.014250284101688309
-0.07396015225873026
-0.07505965360879908
-0.08614206835318969
-0.10884173357502346
-0.10734020589780033
-0.11411593558573926
-0.06344049503702644
-0.06535235337352409
-0.07868651735621772
-0.10441506278511643
-0.10283066232744313
-0.10886970707853147
-0.04534826921011516
-0.04352826749248648
-0.03307699944497095
-0.09869135110143364
-0.09829930504454944
-0.10313989075607065
-0.040974567748089726
-0.037478308953919195
-0.030183189722313503
-0.034881581316292924
-0.03228055228900118
-0.02797386723254938
-0.030600128330637785
-0.028663929758242748
-0.025271543340002693
-0.025321299643084657
-0.02397787965555508
-0.02225846630062639
-0.023647977063311728
-0.02198388899850007
-0.02077364491790178
-0.026615542821037338
-0.02727211915411306
-0.026615005947209443
-0.07195112587149007
-0.07267581999872424
-0.07240268727041632
-0.047391417601524134
-0.052302544940991985
-0.05246682740216934
-0.0683399321406864
-0.0690136216474187
-0.06803895509811199
-0.05251946317140162
-0.05174423058797222
-0.05203102054068348
-0.08216804201015085
-0.07747073632293036
-0.07071394028118981
-0.11335863550997638
-0.11107621453408033
-0.10426726376830837
-0.08006046979319553
-0.07633817261703167
-0.07049708834636742
-0.11052770398712472
-0.1077755181171146
-0.101016443575009
-0.07855415855444584
-0.07487035229939383
-0.06967922287036804
-0.10758776990503732
-0.10417686565472574
-0.09837510616693096
-0.0772159795642317
-0.07548381900110032
-0.06879445685194971
-0.10492897359320599
-0.10151045418335024
-0.09589378750075052
-0.07661183464074138
-0.07492306204075698
-0.07194578799543302
-0.10183705029565764
-0.09860338557157564
-0.09406130691207944
-0.078150712619725
-0.07820290735127457
-0.07426966518942309
-0.09928900740889952
-0.0963247809144384
-0.09255666990172313
-0.03077801766640252
-0.029541091168626337
-0.024794945632005305
-0.027668113428997658
-0.02605879505386125
-0.010805700136407746
-0.04718781185470221
-0.045996190877096714
-0.042053916094624263
-0.04998727712853286
-0.04953858471962399
-0.04529084703246277
-0.05334308189131822
-0.05477103755206311
-0.07006289131109941
-0.04945084585870501
-0.04776924269042566
-0.036688544938336336
-0.0940495375197858
-0.09258896360501025
-0.09843772403140819
-0.022975663806152704
-0.02027831970554991
-0.019037348296524273
-0.02735639046250717
-0.028496296959701718
-0.030568896476825466
-0.06496010586451227
-0.06552020412769051
-0.0649015256410002
-0.021532819289238257
-0.020768521002743883
-0.028303766509698285
-0.043905614290390235
-0.043023219791094185
-0.03963161271783044
-0.024605118132950465
-0.023123754032122364
-0.020399745216355156
-0.04095631960782442
-0.04009462412221728
-0.03740461018317106
-0.01808030045510796
-0.01801278391977322
-0.00878756598244954
-0.04459869166108058
-0.044819720914584756
-0.06174917909307175
-0.052368579428200515
-0.051466600861554544
-0.040251518606781465
-0.08949320320498191
-0.08843553622700137
-0.0936276534846809
-0.05421678496220014
-0.05292598112414203
-0.04442102045830827
-0.0846749371866764
-0.08435383503315484
-0.08913828856660454
-0.05528190989858025
-0.05440544805445476
-0.04651046531323625
-0.08049189047974974
-0.07999957905500285
-0.08434931299863677
-0.022168288659943938
-0.01863215222387782
-0.017718514634687172
-0.020948514539162254
-0.016711076706426693
-0.015572127695942685
-0.02292791264289999
-0.022394918858824473
-0.021655601219363725
-0.06198740255544376
-0.06258481573943821
-0.06198594408336464
-0.03920417649246064
-0.04563061015360702
-0.04552917181940046
-0.058910299249606266
-0.06009567177137598
-0.05924505665517079
-0.022098899418635406
-0.022846209104557896
-0.025091168416790682
-0.0567536693152403
-0.05758759870862525
-0.05673320887243125
-0.045157669748595926
-0.045344582771549236
-0.045529636701772465
-0.07898899078958305
-0.07862293627424034
-0.0777800388941868
-0.09701018234873311
-0.09377322397052582
-0.09078853601570212
-0.07996383301861357
-0.07842654670715159
-0.08141417658168966
-0.09437949197254435
-0.09152540920457007
-0.08979275770730082
-0.07845391050568273
-0.07608473333432193
-0.08097250900562974
-0.0916550416327895
-0.08894994742730238
-0.08677383554034139
-0.07437237843254507
-0.07151271208518893
-0.07657148660937312
-0.08859895950638197
-0.08589287052070785
-0.08440375724554317
-0.02351770711773285
-0.021646442732787076
-0.00961375755204773
-0.03799137655106996
-0.03696200789314067
-0.03420965491123644
-0.013836462162618114
-0.013252809487141495
-0.004580924188012485
-0.03509613181158154
-0.03353846253007236
-0.03056100347631847
-0.03712462377678121
-0.036898963957541706
-0.05337613487789931
-0.05740834932601162
-0.05668612093776694
-0.049459737069217746
-0.07742872453613778
-0.07738237121033968
-0.08100127726169219
-0.058815360291283016
-0.058024612603473476
-0.05228466171058106
-0.07418484977470625
-0.07445241764711383
-0.07733190195122626
-0.019867051440248196
-0.018009536130276872
-0.018371103868069026
-0.053768334944980525
-0.054553692505759394
-0.05376541398063299
-0.03298596435518693
-0.03992875396964385
-0.03859309827788242
-0.05113731173576313
-0.05272461520394838
-0.05117108565972387
-0.03896584598589121
-0.04018989688061368
-0.040330342864000925
-0.0693786015110297
-0.06689483089851146
-0.07234182173890165
-0.08552011745900023
-0.08303331329854136
-0.08195355938014746
-0.06413231793282609
-0.06206334838887191
-0.06578791203799429
-0.08224166465757725
-0.08040766152065316
-0.07959125193075023
-0.05934642830552382
-0.058342147611827475
-0.06016725934574671
-0.0784449259921684
-0.07787118715657916
-0.07733427927416028
-0.019098497686644657
-0.019529039544751638
-0.01716701992841372
-0.018109346724751306
-0.018344313131781156
-0.013803339892756122
-0.01614151594797059
-0.016138482400029755
-0.009611737641245835
-0.014300620133978738
-0.014380158435518839
-0.007832270636170136
-0.013514946269741823
-0.012866280815710824
-0.005629555548273685
-0.012020703434776799
-0.011729020493324947
-0.00689699820968367
-0.01068021227103245
-0.01117899394911604
-0.008311688294992544
-0.009833819919812537
-0.010191600899230928
-0.00934123997865674
-0.05942178239432704
-0.060930665632126416
-0.05487355078552244
-0.07174264379354431
-0.07259066321991932
-0.07349254592492849
-0.019706122757145506
-0.01446506161776892
-0.013715884835770352
-0.01823992114556827
-0.017439200658487874
-0.024595164402405844
-0.01968569819388817
-0.017117481317874654
-0.014944058759433823
-0.03258300069489337
-0.03039822866511502
-0.027782584567122768
-0.01920313511962904
-0.01777608094266944
-0.007223714248800901
-0.03036136848058281
-0.02816503105691858
-0.02526861211718365
-0.02455704692701313
-0.0252201190217753
-0.037743168659233176
-0.03007668345118774
-0.031118296835796356
-0.044717268108296404
-0.05990573780438643
-0.06128187003658161
-0.05767516940019437
-0.06940831288782172
-0.07042803516309767
-0.07061504221313954
-0.05912145059597363
-0.06107350118097474
-0.058556749254341234
-0.06759627887361518
-0.06837799028933977
-0.0676009000351231
-0.05830888259306502
-0.060143344450903205
-0.05954663422722436
-0.06555388383426113
-0.0663650754998002
-0.06503745146451131
-0.018151347380576006
-0.012795861234304463
-0.012577987381841462
-0.01684277210849139
-0.015237232476405594
-0.015529674464983862
-0.016158763501210368
-0.01880530940363366
-0.021088007741586635
-0.04898707043641366
-0.049734702751727734
-0.049112080126940634
-0.0467976605303842
-0.04836774618238246
-0.04730798039632894
-0.027867715498405398
-0.03518785252412929
-0.03315255818805743
-0.013450759061444368
-0.015806275373713326
-0.01757205282348721
-0.044782066083770174
-0.04620900364693012
-0.04417153162999587
-0.04322264099342073
-0.04415103360982398
-0.04281342503603293
-0.014190824637979839
-0.01239441882781716
-0.012919464983724234
-0.040829740139394936
-0.04181634304111698
-0.04042312001259973
-0.0338337487213009
-0.03654415637548246
-0.035394310112563956
-0.029954888421892673
-0.0330384100690857
-0.031778305931345084
-0.05459739533673682
-0.05358078533233129
-0.05339455766546264
-0.04974285436767396
-0.04862398200082259
-0.04749838791387386
-0.07481173933457273
-0.07466353298478796
-0.07418316377226944
-0.07160899757123099
-0.07137149268643267
-0.0707251652954048
-0.04422410958589146
-0.04328077353511756
-0.042705976930201416
-0.06785251738256028
-0.06799546267452415
-0.06787185008156782
-0.02362840779666893
-0.02471468913940649
-0.02516587315136647
-0.02483976573907189
-0.02551556221220432
-0.027092391029843465
-0.06464285412268755
-0.06453557653746457
-0.06510072608729198
-0.02186614320355712
-0.022747510685610053
-0.02322677738153104
-0.02021434399783601
-0.021082747652456713
-0.0207886061068069
-0.025509821030812414
-0.025586462949094942
-0.027584351579759993
-0.06175566144667613
-0.061601116558093014
-0.062293031723759794
-0.008495640932665973
-0.009029588602406892
-0.009692536246328525
-0.007895108579132325
-0.00802800003988962
-0.009784711589516722
-0.016914350585364592
-0.0110211511228008
-0.011018973441938437
-0.015003591427275868
-0.014060930276192655
-0.021080313521980736
-0.027632532813518393
-0.025332881687690583
-0.022263946951399192
-0.010392552339056808
-0.009324369608153025
-0.0005636858293015945
-0.05773217220176064
-0.05934542243674929
-0.06057943504533731
-0.06405836074753142
-0.0646399443420638
-0.06322821393528964
-0.023886306178186822
-0.030368657689163917
-0.028814706154512093
-0.03871894025506961
-0.039651017334311166
-0.03845606621636866
-0.010748414918479691
-0.013115018454191706
-0.014470162415288791
-0.037625902147272086
-0.03749450155694417
-0.03536395863013883
-0.039803088383615626
-0.039020014325260165
-0.03800833505744864
-0.025322454070535926
-0.025702003043699285
-0.027466155726865685
-0.058768265440433815
-0.05879537489890068
-0.05915800168994422
-0.02481496878208161
-0.02454176125272688
-0.026902155795792245
-0.05625903641072962
-0.05618208839281478
-0.056555805174215636
-0.023614784596670286
-0.02468885457597491
-0.02596728112746383
-0.05402738255844799
-0.052882257751703826
-0.05232321348007852
-0.023678901790639348
-0.023827361658722408
-0.025693677529959335
-0.05161592226092865
-0.05011382249253137
-0.04971080332302155
-0.01572509357084988
-0.013076001964505613
-0.010234388327443356
-0.02569995649438436
-0.0229329365288924
-0.019780512574723862
-0.01564535824237536
-0.013590762436555229
-0.004739590722061882
-0.023945119466037893
-0.020886122399032387
-0.01669986763682753
-0.01226845626612742
-0.011008409617961708
-0.015999158856376948
-0.02193739269732226
-0.019059477993958917
-0.013493270730731878
-0.008316784444843699
-0.006771422000229804
0.0028444299002676394
-0.019463338067485295
-0.019863245514851614
-0.031272766726508895
-0.014473669433337052
-0.015315565160353557
-0.024595897359188674
-0.05640896059024829
-0.05808124290269325
-0.06036403260872561
-0.06269943478979219
-0.06305097839265153
-0.061788344618090914
-0.05503188787111566
-0.05667595316621243
-0.05897715267815116
-0.061507513736659275
-0.06159941176807954
-0.060511337724990844
-0.05392864428446617
-0.05449287152002958
-0.056849298865316845
-0.06059747220654199
-0.06013955723055705
-0.06017382591349335
-0.04939984551946425
-0.05078045506021397
-0.052694917957784
-0.051790088418452354
-0.05253656967714604
-0.05543645464772849
-0.05776045175873885
-0.05745733412892622
-0.05904641519934678
-0.0590209166198522
-0.05867067381685663
-0.0598445752223975
-0.04641458319493131
-0.04842499960807327
-0.05047112203888236
-0.056637199519329655
-0.05587307512811766
-0.05753659242441975
-0.04294711431639678
-0.04529137523084284
-0.048256244557182484
-0.05487879478177484
-0.054277734979739714
-0.05598822774601418
-0.03961273353142579
-0.0416214486784436
-0.04417056916769619
-0.053300309312473954
-0.052620752586700605
-0.053544403352623816
-0.011931680465378212
-0.008986359748896871
-0.0077319831888317475
-0.01022261632439842
-0.007448075520044399
-0.00706547038553737
-0.008360606239274659
-0.0066768790687122765
-0.006351497241562748
-0.007055979454592077
-0.006043709862729291
-0.005377675670858336
-0.006076633087601592
-0.0054820906716254265
-0.004394690982258023
-0.014832634076882676
-0.009282359645147247
-0.009641360061856587
-0.013439114760406592
-0.007915416614659788
-0.007949090581682175
-0.011241001926833215
-0.010097903119497717
-0.010499481026643345
-0.03617878601288636
-0.03609101602690029
-0.03294047685369286
-0.035031214192644176
-0.03428534694399738
-0.031348873852280267
-0.0215920994322376
-0.026369930329337595
-0.02339978327059809
-0.008733640317953815
-0.008035871838339018
-0.008689423388793669
-0.008209549389960429
-0.010465165105666006
-0.012313377092153206
-0.03342709697597666
-0.03311009967402685
-0.030208579345397273
-0.03098552660854181
-0.030683241189434787
-0.028648701917727896
-0.01853688656971267
-0.02145383599117712
-0.020706369401488952
-0.030159133415894324
-0.027950126777008172
-0.027192211452655973
-0.0060731839300107926
-0.00807568141325402
-0.010120538219776425
-0.02968795660477486
-0.025599833314814316
-0.026560254336175225
-0.02663891550141495
-0.029421924213299807
-0.027503655028875505
-0.02493778408605315
-0.025993112907402582
-0.022440995827049524
-0.03624584041586369
-0.03601465360899805
-0.03470868014399988
-0.033445811369897854
-0.033093371855201385
-0.03169184596307863
-0.023892527994005885
-0.025206894849375456
-0.027410658051160428
-0.02351089415178606
-0.024456634734534386
-0.027730902380431664
-0.04956720136302563
-0.04773557278808902
-0.04732485836783034
-0.04756581369953887
-0.04583052182935159
-0.04505200736265206
-0.02269126680756604
-0.027793362497748438
-0.02612564659817361
-0.045410219432244
-0.04420527451602199
-0.04211401983311558
-0.025415492147682264
-0.028712786910955804
-0.029369948171782775
-0.0439354858896707
-0.04222661550315504
-0.04050934987201888
-0.02822356287614643
-0.03040643034981298
-0.03025914076718215
-0.042166593752235956
-0.04062907113223353
-0.03889941493199733
-0.0322911302915583
-0.03569129770031501
-0.03158445920364307
-0.040531981365553735
-0.038819655508655224
-0.036898862921951624
-0.03253205220230708
-0.03533466673659015
-0.03446584316357218
-0.039165272875559695
-0.03767860484043204
-0.03489801429159989
-0.02990318264656316
-0.0325083230212986
-0.03286406865534512
-0.030812028229798075
-0.03392519677993205
-0.03190082478046959
-0.031444067628648
-0.03164032714008787
-0.029653649378423446
-0.024546530269271016
-0.025348919223733685
-0.023145550804943224
-0.025340654709254153
-0.026302756922982163
-0.023655695153191686
-0.013497335476740658
-0.012358573165583284
-0.014302600265554001
-0.01460519227021846
-0.013607734446500173
-0.01581969927773424
-0.0011078567934778006
-0.0012491612809168886
-0.0015170990121802402
-0.0007941244399831362
-0.000953837699248482
-0.0005101443482484562
-0.0009088455832349197
-0.0003163956958325413
0.0009632438748755041
-0.00044742418408477534
-0.00027058661902481824
0.0005727436373765558
-0.0002055709958300312
-0.00010169618624874436
0.0003636700940129451
-0.012448959972051471
-0.010310429934605899
-0.006687596452381857
-0.020220834701001517
-0.017554236487187527
-0.012044323285520828
-0.012104263573494936
-0.010753941458639003
-0.002346330434681445
-0.01874423038944935
-0.01600013316470239
-0.010166234795980134
-0.009686138273903423
-0.008386273006131288
-0.012268341112531759
-0.017320730318815293
-0.014389065549602592
-0.008493907996717282
-0.035105614198968196
-0.037005427915603885
-0.04010340055141704
-0.05164443338940157
-0.05051934964364096
-0.05087297742514991
-0.016538819190433464
-0.013513921728037072
-0.010769576873732964
-0.01368757578104834
-0.010999303908257025
-0.00937383418492775
-0.007015695505487466
-0.00523099093575419
0.003683089129304677
-0.00994048656945591
-0.00779799426068338
-0.003295467820083324
-0.016184841493781157
-0.013051749783297954
-0.007972481974353905
-0.011158233360953737
-0.010388950114249132
-0.018044897868382728
-0.03005569630229109
-0.03181945897260155
-0.03590829199153544
-0.04910078319116527
-0.04893668258379548
-0.04803822926344403
-0.02096026615794991
-0.019661368127643405
-0.013524618614588205
-0.046584717117426025
-0.0461440882288466
-0.043550718084300444
-0.019045086888874192
-0.01711722361119394
-0.012129937271908696
-0.0052698041667743716
-0.004417335319562978
-0.0034342322951957387
-0.004157904032107118
-0.003930535312787313
-0.002640783201096088
-0.003210702267956696
-0.003101062463979493
-0.0019883910772170916
-0.011622246846181659
-0.006496290785831065
-0.0064858420511670276
-0.006316469112228461
-0.006341201038977094
-0.006789244425937269
-0.026134354562070448
-0.02433983618133747
-0.02410386348522146
-0.014857541828050599
-0.017688147997983197
-0.016678928287545098
-0.024523282022860828
-0.022603748028918562
-0.022074142610676434
-0.003558291087617092
-0.006433660661036117
-0.008226154151688795
-0.022578961614027206
-0.02070634370257272
-0.019658880086183026
-0.022251886290588004
-0.02264736935109579
-0.01995927852893423
-0.03041259796177766
-0.028193403175728896
-0.02635593235261473
-0.006781725060003424
-0.006659144004236077
-0.00873660476762878
-0.005529450107875962
-0.00544423259268041
-0.008078359401592202
-0.004551677998410608
-0.004183553997850344
-0.006049668458243271
-0.008089438674171527
-0.006463701425279078
-0.009988550894336961
-0.010187657468500482
-0.008221096694329452
-0.0018920911612577262
-0.01396296143214618
-0.01036457851485666
-0.0044726601131522764
-0.01501694973627105
-0.011706837570861245
-0.005714768365805574
-0.008312307301267984
-0.005771040171417767
-6.094512665052699e-05
-0.012345481446779794
-0.00888451748798797
-0.003148122436358177
-0.008144036563339807
-0.005801192784738137
-0.0004707020743326753
-0.011259522841153833
-0.0079946522260732
-0.0011310898870679066
-0.006043348834805835
-0.004579656580612896
-0.006518955525821745
-0.005699461188784324
-0.0034908718814319344
0.005590317802853503
-0.010240786985834702
-0.006929125361198884
0.0004943470927440407
-0.0041615495093141885
-0.0022032883472265404
0.006975192355601422
-0.0066399668159544175
-0.00524619170606339
-0.00781990436129873
-0.008299761223662517
-0.0072953599624771565
-0.011960276914765554
-0.0256244509594761
-0.026482720101203172
-0.03002609946971227
-0.01671335949154507
-0.018069985194647226
-0.01937754084964974
-0.020882816159969203
-0.02245968695136965
-0.024472002497272115
-0.04095669442269768
-0.04115480360086038
-0.03796552620140582
-0.04352641614149489
-0.044149020514742864
-0.04086461898566493
-0.010713618529464309
-0.010967904948590713
-0.010803365154128807
-0.013310447401000139
-0.014885854823131026
-0.014633598301980332
-0.03601266675843644
-0.035825368558179214
-0.03251378818893299
-0.038573651363025714
-0.038428599653447415
-0.03489325415094266
-0.025331552937424246
-0.025023717176148756
-0.022900801959674047
-0.025299048228972106
-0.024857463609588456
-0.021710423034804114
-0.03378764583316584
-0.033966587226354074
-0.030120955336973315
-0.025142678554007036
-0.024975143746944404
-0.02407956949447146
-0.025351739011369712
-0.02502466386187349
-0.023540088194594
-0.02958809136966556
-0.029387845718650798
-0.025547334340159735
-0.031467316452371476
-0.0316462672048778
-0.02764200923465413
-0.02522520858800261
-0.02472818571548923
-0.02424207472964333
-0.02526320396202549
-0.023542744830316334
-0.020259655848962204
-0.028445405318542057
-0.027788438270220515
-0.023549133104539068
-0.024839565066692507
-0.024314913373335707
-0.02362107879272079
-0.027260852434365223
-0.026617432406075444
-0.022233560091202188
-0.024596345419848897
-0.02455922804585623
-0.023497910358461598
-0.024243334931152542
-0.023084818406213112
-0.018587985351755966
-0.025849991456040597
-0.02567375405793586
-0.02156360951591873
-0.023757644499115407
-0.023594790813700476
-0.023245635264531998
-0.02264359998152565
-0.021689333563373155
-0.01639261648839276
-0.02456409427725358
-0.024070054324952093
-0.021537996359358443
-0.022843126632108027
-0.023040138818818487
-0.02207461293434752
-0.023185022437853708
-0.02320103781223569
-0.020787903719191175
-0.0038230675566525507
-0.0030433401267659604
-0.006064532855789277
-0.006164163828220702
-0.004037955714295329
0.003937972531661395
-0.008871188751530593
-0.005989509088619958
0.0007817290192514761
-0.005481401014510498
-0.003730384084349672
0.0004744936985103234
-0.007613971181947262
-0.004769584261520654
0.0016909648902411663
-0.004829292267770571
-0.003485740876531796
-0.0038226772045478474
-0.021808522570216822
-0.021978974379403746
-0.01976732333547085
-0.02212469400260037
-0.022103585618449915
-0.0202453754062399
-0.02080386518196661
-0.020828101755875725
-0.018760693955053993
-0.021245940192058412
-0.021174695946250235
-0.019853634525136755
-0.019463833971058674
-0.019676366495085633
-0.018485812428907823
-0.020228190636066515
-0.020247856081515747
-0.01964371448188296
-0.0024157089734254365
-0.0027359901723651614
-0.001668140032739245
-0.0018348614616869815
-0.0020582974023016965
-0.0012242464194834317
-0.0012028138597726197
-0.00185080516403895
-0.0009795958981800327
-0.001162628038263468
-0.0012710474735436823
-0.0005740972710236238
-0.0008958200500861195
-0.001112239883286751
-0.0004513428814568446
-0.0096657401948102
-0.00491560003093537
-0.005395214323131333
-0.007642566779623501
-0.0033514916814601
-0.0038784613893232877
-0.004251677952892228
-0.00440953944842767
-0.005127500613374406
-0.0016109648077650566
-0.004363427772456208
-0.005953142924294445
-0.020981252675142493
-0.01906027437683948
-0.017550483283692426
-0.01983499342981784
-0.016492022779859478
-0.016695943908114033
-0.016167725896721538
-0.014853165817275193
-0.014449102125317479
-0.0021444812228190962
-0.002797555587610305
-0.004062358022255545
-0.013448956092181087
-0.010727828251543217
-0.013008122755898915
-0.005186430765156604
-0.0021925722133968634
-0.0027894096764180705
-0.00034650502138975443
-0.0028806774803248033
-0.003923829863961306
-0.010600049315277133
-0.009317901806102412
-0.010591775509736298
-0.008763253872843636
-0.0062168961756326946
-0.009601903676282796
-0.012192426650194307
-0.013140531098399374
-0.01281748251879074
-0.0054136185501205344
-0.007125329592705552
-0.007802365833318228
-0.0006110799649113527
-0.0017003216324341258
-0.002851543164651254
-0.007952059253028937
-0.005671615379603654
-0.007548351991174149
-0.019817885449841977
-0.01799863514236038
-0.01731461905928419
-0.016729574722250232
-0.014650734928411792
-0.012422982670318019
-0.011304474869361996
-0.007930272663932914
-0.008945764733643367
-0.027937020470289245
-0.026286460833808943
-0.02401712579306228
-0.025674673369019692
-0.022528677938713534
-0.01991420031667002
-0.024054919547752764
-0.021373887094817186
-0.01732110498222045
-3.9203441289345164e-05
-0.0001069147163743752
-0.00023999398995967663
-0.0028470628927512827
-0.0019989513044905713
-0.005021478152250532
-0.0037392439291806154
-0.002731956556906821
-0.004353018015572902
-0.001994219071824155
-0.0014762898630730065
-0.004863882417583468
-0.0067013654193214195
-0.0039311587775470325
0.0026193241229527813
-0.000786404245502079
-0.0005934142336276015
-0.0033596892670401776
-0.0034537411068296946
-0.0020075043796600484
0.003871311549193411
-0.004659562805598932
-0.002513627661964233
0.0057713587975494795
-0.005385365185708688
-0.003124406297686781
0.0047620338185708645
-0.0016123720729759729
-0.0011819496178061136
0.00057337073902062
-0.002803096350651231
-0.0010448464717597837
0.008642797889355592
-0.004434978436317601
-0.002429211143703903
0.006576969249020256
-0.003039456931207553
-0.001124492334798385
0.0055998348051955575
-0.0036782207052523234
-0.0018326564420461566
0.006352729144304344
-0.00183461044077849
-0.0006895302575383204
0.006330562635788704
-0.0024268052752527843
-0.0008541252964404625
0.007400726569870229
-0.0007998367352904882
-0.00023756766621152307
0.0037566952519475756
-0.002076450440943809
-0.0006849616263658328
0.008760057584203042
-0.0029621214901408024
-0.0011992022206402113
0.006972342138525662
-0.0014266428218056085
-0.0006132189421213366
0.009820201847799614
-0.0015300214453488237
-0.0006132189421213366
0.008723222301902396
-0.0012766137056533205
-0.0004473939601543098
0.0050033623322554574
-0.0020658486322763492
-0.0006507068242400425
0.005779358405283731
-0.008456092895741583
-0.00894287005020528
-0.007220153377299227
-0.017777668138408472
-0.018227427948564752
-0.017922027119834552
-0.019104808018669157
-0.019026350871462403
-0.019234002812154094
-0.016302250876318723
-0.017087420132616236
-0.01688722360492089
-0.01824681363150978
-0.018200104600650836
-0.01818778095910978
-0.002908286653042009
-0.0007805337725132692
-0.0018851745962497203
-0.0074135737479190875
-0.0037480679132928752
-0.004220006945877348
-0.004505287094877082
-0.0029675341407796063
-0.0023348323496276274
0.0010869836559445805
-0.001004958003563074
-0.0023619124984316227
-0.005098812833223245
-0.0031482808962853552
-0.003366827263835894
0.0004211063392421119
-0.00020826827781641327
-0.0015674044245669006
-0.0019738491799119336
-0.0015781102819099784
-0.0030489873404943415
-0.003115486277814032
-0.0021934594413350605
-0.0006603878127352078
-0.006115577441001755
-0.00662160334300428
-0.0041019210400600765
-0.014583797258731738
-0.015463907403465904
-0.015091554991465122
-0.016923241978835556
-0.017310070479566658
-0.01673758565177219
-0.013299320639207876
-0.013780460876112904
-0.01349173369453767
-0.016230915403859573
-0.016413809219599947
-0.015544888874841359
-0.011386402538646792
-0.012349271577668205
-0.011502934011509793
-0.014825967666069079
-0.015627744791105895
-0.013829433992183365
-0.009946020943141778
-0.010807765800307616
-0.009709816474095299
-0.013526015712860473
-0.014602629702993381
-0.01216440973597366
-0.008878621753150398
-0.00922712924077947
-0.008025487028356017
-0.012310624722295188
-0.0128518333267481
-0.010419125335179589
-0.0032693291233779646
-0.0032695706444575666
-0.002526421954852911
-0.0034320029691447887
-0.0036247040859686253
-0.002393638306823571
-0.010994971435838453
-0.011412210272122436
-0.00875777411229207
-0.0033148737949718686
-0.003284654727382777
-0.0026441207227059695
-0.0035799947697186863
-0.003794863902685765
-0.0024545932618783572
-0.009918906531379995
-0.010045848420159422
-0.007555776244856142
-0.0032467687869284717
-0.003139403072473615
-0.002861744165550209
-0.008750701232626043
-0.008883978527397985
-0.00621023501801383
-0.0032233060898626997
-0.003067919540009707
-0.0028695192223120343
-0.0075158006359066455
-0.007309834408586764
-0.005409799447994615
-0.003439565127422282
-0.003278473213437695
-0.0023264999806735707
-0.00328858104420128
-0.003254589727338563
-0.002839415273466124
-0.0063083295475964
-0.006101042111781555
-0.00422433015936624
-0.0029315947646516853
-0.0026333483434870463
-0.0020531551803036935
-0.0023394447201038125
-0.001846163076100764
-0.0016460306603070828
-0.0019445627551910498
-0.0011126844680346066
-0.0013005573541888793
-0.0013271398802606812
-0.0007989229228976511
-0.0013119756923195614
-0.0007643566650078369
-0.0005714895864301156
-0.001157902052975149
-0.0004420750100918013
-0.00034659419037450927
-0.0010929405700827542
-0.00031617143238354294
-0.00012461123904616703
-0.0004780520707690492
-0.0021325701674367614
-0.0010392001771709829
0.0012164711917308406
-0.001205821698769239
-0.0005061232823041848
0.0019000472483560805
-0.003220196730539437
-0.003060252554731276
0.0006929416251042804
-0.004445412815658518
-0.004412701971706372
-0.0014677648456882164
-0.007725642312460487
-0.008142639627664872
-0.006231352157439165
-0.005503932445697568
-0.005744575454924372
-0.00334849085246362
-0.006604032736408124
-0.006761193692776645
-0.004911655522150172
-0.0030197485033951208
-0.002846452384442989
-0.0013849148859001142
-0.00429249454604395
-0.004241914868577058
-0.0025402802256825783
-0.0005570371426408342
-0.0008330047577211391
-0.0002687734659658201
-0.0028531045717910012
-0.002941203288898108
-0.0024964691942028737
-0.005089493618976695
-0.0048887850922430115
-0.003116416794319682
-0.0019529244956400106
-0.0023045807101406877
-0.0017091442893195303
-0.0023567870799121966
-0.002702841539922545
-0.002116560755558312
-0.00257182103506442
-0.003076382317857813
-0.0016178003028097538
-0.0037089390662633343
-0.0039824879156899525
-0.0024551025301808014
-0.0007179811493041026
-0.000861324216686141
-0.0003273238778665911
-0.0016710035506232056
-0.0015927564087014428
-0.00104922547661519
-0.000753869791018787
-0.0010075046500455879
-0.00028921361490222996
-0.001845065119813538
-0.0020027616168470912
-0.001123652498283991
0.0
0.0
0.0
0.0
0.0
0.0
-0.0011861112527605307
-0.0011145260120796296
0.0019343008425428867
-0.0024212873676727116
-0.0022104153958486124
0.0013875187015186324
-0.0022363890471856942
-0.0019475818033449026
-0.0006199476001168057
0.0
0.0
0.0
0.0
0.0
0.0
-0.0006265446701257351
-0.0013188091505564332
-0.0006910708920024162
-0.001849325429557304
-0.0014076005641286277
-0.0012370364332624497
-0.00734097928811759
-0.003971293747169528
-0.004696808826522895
-0.02271895262467793
-0.01641191201827354
-0.01598837323494195
-0.0008640857453445406
-0.0004252471584577757
0.008420640214479984
-0.001038934492152322
-0.0005156414354391262
0.009390195310669397
-0.00019291475128199628
-5.5275134473205874e-05
0.006330413766562716
-0.0007797793644034049
-0.0002787983210931364
0.010007545982241565
-0.0005868646131214086
-0.00022352318661993052
0.0036771322156788394
-0.0013521519863511384
-0.0012796463757674043
-0.0003385417746224874
-0.0006188965394244106
-0.0007718016077171252
9.13439865097766e-05
0.0
0.0
0.0
0.0
0.0
0.0
-0.001222780759431569
-8.879141357219443e-05
-0.0005459655412600338
0.0011075852589314283
-0.00020704383176357237
-0.0009794945378066358
0.0011075852589314283
-0.0013075218945644883
-0.0009794945378066358
-0.002394955519154045
-0.001369842004093565
-0.0014815829159274408
-0.01846363338376924
-0.013439678283815449
-0.011163952468528407
-0.01390382743480016
-0.010115726066046198
-0.008400280174855482
-0.0002363605805563214
-7.964586303860113e-05
-0.003042963084160035
-0.0005519250854552475
-0.0001887959947008781
0.007672165545146512
-0.0005519250854552475
-0.0001887959947008781
0.007672165545146512
-0.000592194834474294
-0.00016459503890214205
0.001070163934081525
-0.0007128058514857365
-0.00047526351125162374
0.0017076389051735555
-0.00017406156919033233
-0.00041000520814564825
-7.442702166880137e-05
-5.636035821917265e-05
-7.415030838379231e-05
2.455076829231898e-05
-0.0004351797319018269
-0.0001887959947008781
0.006602468844137577
-0.0004351797319018269
-0.0001887959947008781
0.006602468844137577
-4.580875094739909e-05
-2.4909600977977854e-05
0.005235768178582295
-0.0001790684182067327
-9.46649029533928e-05
0.006376857407220327
-0.0001332596672593336
-6.975530197541495e-05
0.0011410892286380315
-0.00017484874680778138
-9.03942769813506e-05
0.0009695550961894117
-0.00016398250388900833
-0.00010178092035527682
0.0015447538365907804
-3.588864171468451e-05
-0.00014618043335944657
3.8110262964361135e-05
0.0
0.0
0.0
0.0
0.0
0.0
0.0
0.0
0.0
-0.0006529336541563127
-0.00037401197877278796
-9.567902616754954e-05
0.0009037967589847961
-0.0001175676575528259
-0.00055128214936726
0.001217611901619776
-0.00011650093482241228
-0.000723053135805132
0.0014155911661404609
-4.895099440948077e-05
-0.00036517907953858165
0.0010885957688017106
-5.035876281531646e-05
-0.0004357983205920857
0.00031381514263497973
1.0667227304136163e-06
-0.00017177098643787191
-0.008035280078165384
-0.0030266616220914616
-0.005678073812321489
-0.0003269953973387499
-1.4077684058356966e-06
-7.061924105350403e-05
0.0009427760055484385
-5.142548554573008e-05
-0.00030513738769242756
0.0009427760055484385
-5.142548554573008e-05
-0.00030513738769242756
0.0007412659710087556
-2.149077024386124e-05
-0.0001595890040733618
0.0008153050311505025
-2.149077024386124e-05
-0.0001595890040733618
0.0004923348023071936
-1.7895610753957493e-05
-0.00013344138592278422
0.0004853240825083593
-1.7895610753957493e-05
-0.00013344138592278422
-0.006185796489167828
-0.0020733514848170647
-0.0010049147654042714
-4.580875094739909e-05
-6.975530197541495e-05
0.0036489239095632165
-4.580875094739909e-05
-6.975530197541495e-05
0.0036489239095632165
-0.0001779133018566679
-5.9118073061929796e-05
-0.0002580446214344212
-9.364392665242124e-05
0.0
0.0
-6.75347834311701e-05
0.0
0.0
-0.0001033786235432153
0.0
-0.0010969795458972212
0.0
-2.382139083680759e-05
0.0009876363499233241
0.0
-2.382139083680759e-05
0.0009876363499233241
-0.000381468773288503
-0.00030955707321643066
0.0
0.00023323629469550528
0.0
-7.994494889137993e-05
0.00023323629469550528
0.0
-7.994494889137993e-05
-7.0107197988344084e-06
0.0
0.0
0.00010812094452812515
0.0
-2.6216495273665075e-05
0.00010812094452812515
0.0
-2.6216495273665075e-05
3.170149829569216e-05
0.0
0.0
3.170149829569216e-05
0.0
0.0
7.403906014174702e-05
0.0
0.0
0.0
-0.0011004780628009157
0.0
0.0
-9.210363689112812e-05
0.0
0.0
-6.997140790521659e-05
0.0
0.0
0.0
0.0
0.0
0.0
0.0
0.0
0.0
0.0
0.0
0.0
0.0
0.0
0.0
0.0
0.0
0.0
0.0
0.0
0.0
0.0
0.0
0.0
0.0
0.0
0.0
0.0
0.0
0.0
0.0
0.0
0.0
0.0
0.0
0.0
0.0
0.0
0.0
0.0
0.0
0.0
0.0
0.0
0.0
0.0
0.0
0.0
0.0
0.0
0.0
0.0
0.0
0.0
0.0
0.0
0.0
0.0
0.0
0.0
0.0
0.0
0.0
0.0
0.0
0.0
0.0
0.0
0.0
0.0
0.0
0.0
0.0
0.0
0.0
0.0
0.0
0.0
0.0
0.0
0.0
0.0
0.0
0.0
0.0
0.0
0.0
0.0
0.0
0.0
0.0
0.0
0.0
0.0
0.0
0.0
0.0
0.0
0.0
0.0
0.0
0.0
0.0
0.0
0.0
0.0
0.0
0.0
0.0
0.0
0.0
0.0
0.0
0.0
0.0
0.0
0.0
0.0
0.0
0.0
0.0
0.0
0.0
0.0
0.0
0.0
0.0
0.0
0.0
0.0
0.0
0.0
0.0
0.0
0.0
0.0
0.0
0.0
0.0
0.0
0.0
0.0
0.0
0.0
0.0
0.0
0.0
0.0
0.0
0.0
0.0
0.0
0.0
0.0
0.0
0.0
0.0
0.0
0.0
0.0
0.0
0.0
0.0
0.0
0.0
0.0
0.0
0.0
0.0
0.0
0.0
0.0
0.0
0.0
0.0
0.0
0.0
0.0
0.0
0.0
0.0
0.0
0.0
0.0
0.0
0.0
0.0
0.0
0.0
0.0
0.0
0.0
0.0
0.0
0.0
0.0
0.0
0.0
0.0
0.0
0.0
0.0
0.0
0.0
0.0
0.0
0.0
0.0
0.0
0.0
0.0
0.0
0.0
0.0
0.0
0.0
0.0
0.0
0.0
0.0
0.0
0.0
0.0
0.0
0.0
0.0
0.0
0.0
0.0
0.0
0.0
0.0
0.0
0.0
0.0
0.0
0.0
0.0
0.0
0.0
0.0
0.0
0.0
0.0
0.0
0.0
0.0
0.0
0.0
0.0
0.0
0.0
0.0
0.0
0.0
0.0
0.0
0.0
0.0
0.0
0.0
0.0
0.0
0.0
0.0
0.0
0.0
0.0
0.0
0.0
0.0
0.0
0.0
0.0
0.0
0.0
0.0
0.0
0.0
0.0
0.0
0.0
0.0
0.0
0.0
0.0
0.0
0.0
0.0
0.0
0.0
0.0
0.0
0.0
0.0
0.0
0.0
0.0
0.0
0.0
0.0
0.0
0.0
0.0
0.0
0.0
0.0
0.0
0.0
0.0
0.0
0.0
0.0
0.0
0.0
0.0
0.0
0.0
0.0
0.0
0.0
0.0
0.0
0.0
0.0
0.0
0.0
0.0
0.0
0.0
0.0
0.0
0.0
0.0
0.0
0.0
0.0
0.0
0.0
0.0
0.0
0.0
0.0
0.0
0.0
0.0
0.0
0.0
0.0
0.0
0.0
0.0
0.0
0.0
0.0
0.0
0.0
0.0
0.0
0.0
0.0
0.0
0.0
0.0
0.0
0.0
0.0
0.0
0.0
0.0
0.0
0.0
0.0
0.0
0.0
0.0
0.0
0.0
0.0
0.0
0.0
0.0
0.0
0.0
0.0
0.0
0.0
0.0
0.0
0.0
0.0
0.0
0.0
0.0
0.0
0.0
0.0
0.0
0.0
0.0
0.0
0.0
0.0
0.0
0.0
0.0
0.0
0.0
0.0
0.0
0.0
0.0
0.0
0.0
0.0
0.0
0.0
0.0
0.0
0.0
0.0
0.0
0.0
0.0
0.0
0.0
0.0
0.0
0.0
0.0
0.0
0.0
0.0
0.0
0.0
0.0
0.0
0.0
0.0
0.0
0.0
0.0
0.0
0.0
0.0
0.0
0.0
0.0
0.0
0.0
0.0
0.0
0.0
0.0
0.0
0.0
0.0
0.0
0.0
0.0
0.0
0.0
0.0
0.0
0.0
0.0
0.0
0.0
0.0
0.0
0.0
0.0
0.0
0.0
0.0
0.0
0.0
0.0
0.0
0.0
0.0
0.0
0.0
0.0
0.0
0.0
0.0
0.0
0.0
0.0
0.0
0.0
0.0
0.0
0.0
0.0
0.0
0.0
0.0
0.0
0.0
0.0
0.0
0.0
0.0
0.0
0.0
0.0
0.0
0.0
0.0
0.0
0.0
0.0
0.0
0.0
0.0
0.0
0.0
0.0
0.0
0.0
0.0
0.0
0.0
0.0
0.0
0.0
0.0
0.0
0.0
0.0
0.0
0.0
0.0
0.0
0.0
0.0
0.0
0.0
0.0
0.0
0.0
0.0
0.0
0.0
0.0
0.0
0.0
0.0
0.0
0.0
0.0
0.0
0.0
0.0
0.0
0.0
0.0
0.0
0.0
0.0
0.0
0.0
0.0
0.0
0.0
0.0
0.0
0.0
0.0
0.0
0.0
0.0
0.0
0.0
0.0
0.0
0.0
0.0
0.0
0.0
0.0
0.0
0.0
0.0
0.0
0.0
0.0
0.0
0.0
0.0
0.0
0.0
0.0
0.0
0.0
0.0
0.0
0.0
0.0
0.0
0.0
0.0
0.0
0.0
0.0
0.0
0.0
0.0
0.0
0.0
0.0
0.0
0.0
0.0
0.0
0.0
0.0
0.0
0.0
0.0
0.0
0.0
0.0
0.0
0.0
0.0
0.0
0.0
0.0
0.0
0.0
0.0
0.0
0.0
0.0
0.0
0.0
0.0
0.0
0.0
0.0
0.0
0.0
0.0
0.0
0.0
0.0
0.0
0.0
0.0
0.0
0.0
0.0
0.0
0.0
0.0
0.0
0.0
0.0
0.0
0.0
0.0
0.0
0.0
0.0
0.0
0.0
0.0
0.0
0.0
0.0
0.0
0.0
0.0
0.0
0.0
0.0
0.0
0.0
0.0
0.0
0.0
0.0
0.0
0.0
0.0
0.0
0.0
0.0
0.0
0.0
0.0
0.0
0.0
0.0
0.0
0.0
0.0
0.0
0.0
0.0
0.0
0.0
0.0
0.0
0.0
0.0
0.0
0.0
0.0
0.0
0.0
0.0
0.0
0.0
0.0
0.0
0.0
0.0
0.0
0.0
0.0
0.0
0.0
0.0
0.0
0.0
0.0
0.0
0.0
0.0
0.0
0.0
0.0
0.0
0.0
0.0
0.0
0.0
0.0
0.0
0.0
0.0
0.0
0.0
0.0
0.0
0.0
0.0
0.0
0.0
0.0
0.0
0.0
0.0
0.0
0.0
0.0
0.0
0.0
0.0
0.0
0.0
0.0
0.0
0.0
0.0
0.0
0.0
0.0
0.0
0.0
0.0
0.0
0.0
0.0
0.0
0.0
0.0
0.0
0.0
0.0
0.0
0.0
0.0
0.0
0.0
0.0
0.0
0.0
0.0
0.0
0.0
0.0
0.0
0.0
0.0
0.0
0.0
0.0
0.0
0.0
0.0
0.0
0.0
0.0
0.0
0.0
0.0
0.0
0.0
0.0
0.0
0.0
0.0
0.0
0.0
0.0
0.0
0.0
0.0
0.0
0.0
0.0
0.0
0.0
0.0
0.0
0.0
0.0
0.0
0.0
0.0
0.0
0.0
0.0
0.0
0.0
0.0
0.0
0.0
0.0
0.0
0.0
0.0
0.0
0.0
0.0
0.0
0.0
0.0
0.0
0.0
0.0
0.0
0.0
0.0
0.0
0.0
0.0
0.0
0.0
0.0
0.0
0.0
0.0
0.0
0.0
0.0
0.0
0.0
0.0
0.0
0.0
0.0
0.0
0.0
0.0
0.0
0.0
0.0
0.0
0.0
0.0
0.0
0.0
0.0
0.0
0.0
0.0
0.0
0.0
0.0
0.0
0.0
0.0
0.0
0.0
0.0
0.0
0.0
0.0
0.0
0.0
0.0
0.0
0.0
0.0
0.0
0.0
0.0
0.0
0.0
0.0
0.0
0.0
0.0
0.0
0.0
0.0
0.0
0.0
0.0
0.0
0.0
0.0
0.0
0.0
0.0
0.0
0.0
0.0
0.0
0.0
0.0
0.0
0.0
0.0
0.0
0.0
0.0
0.0
0.0
0.0
0.0
0.0
0.0
0.0
0.0
0.0
0.0
0.0
0.0
0.0
0.0
0.0
0.0
0.0
0.0
0.0
0.0
0.0
0.0
0.0
0.0
0.0
0.0
0.0
0.0
0.0
0.0
0.0
0.0
0.0
0.0
0.0
0.0
0.0
0.0
0.0
0.0
0.0
0.0
0.0
0.0
0.0
0.0
0.0
0.0
0.0
0.0
0.0
0.0
0.0
0.0
0.0
0.0
0.0
0.0
0.0
0.0
0.0
0.0
0.0
0.0
0.0
0.0
0.0
0.0
0.0
0.0
0.0
0.0
0.0
0.0
0.0
0.0
0.0
0.0
0.0
0.0
0.0
0.0
0.0
0.0
0.0
0.0
0.0
0.0
0.0
0.0
0.0
0.0
0.0
0.0
0.0
0.0
0.0
0.0
0.0
0.0
0.0
0.0
0.0
0.0
0.0
0.0
0.0
0.0
0.0
0.0
0.0
0.0
0.0
0.0
0.0
0.0
0.0
0.0
0.0
0.0
0.0
0.0
0.0
0.0
0.0
0.0
0.0
0.0
0.0
0.0
0.0
0.0
0.0
0.0
0.0
0.0
0.0
0.0
0.0
0.0
0.0
0.0
0.0
0.0
0.0
0.0
0.0
0.0
0.0
0.0
0.0
0.0
0.0
0.0
0.0
0.0
0.0
0.0
0.0
0.0
0.0
0.0
0.0
0.0
0.0
0.0
0.0
0.0
0.0
0.0
0.0
0.0
0.0
0.0
0.0
0.0
0.0
0.0
0.0
0.0
0.0
0.0
0.0
0.0
0.0
0.0
0.0
0.0
0.0
0.0
0.0
0.0
0.0
0.0
0.0
0.0
0.0
0.0
0.0
0.0
0.0
0.0
0.0
0.0
0.0
0.0
0.0
0.0
0.0
0.0
0.0
0.0
0.0
0.0
0.0
0.0
0.0
0.0
0.0
0.0
0.0
0.0
0.0
0.0
0.0
0.0
0.0
0.0
0.0
0.0
0.0
0.0
0.0
0.0
0.0
0.0
0.0
0.0
0.0
0.0
0.0
0.0
0.0
0.0
0.0
0.0
0.0
0.0
0.0
0.0
0.0
0.0
0.0
0.0
0.0
0.0
0.0
0.0
0.0
0.0
0.0
0.0
0.0
0.0
0.0
0.0
0.0
0.0
0.0
0.0
0.0
0.0
0.0
0.0
0.0
0.0
0.0
0.0
0.0
0.0
0.0
0.0
0.0
0.0
0.0
0.0
0.0
0.0
0.0
0.0
0.0
0.0
0.0
0.0
0.0
0.0
0.0
0.0
0.0
0.0
0.0
0.0
0.0
0.0
0.0
0.0
0.0
0.0
0.0
0.0
0.0
0.0
0.0
0.0
0.0
0.0
0.0
0.0
0.0
0.0
0.0
0.0
0.0
0.0
0.0
0.0
0.0
0.0
0.0
0.0
0.0
0.0
0.0
0.0
0.0
0.0
0.0
0.0
0.0
0.0
0.0
0.0
0.0
0.0
0.0
0.0
0.0
0.0
0.0
0.0
0.0
0.0
0.0
0.0
0.0
0.0
0.0
0.0
0.0
0.0
0.0
0.0
0.0
0.0
0.0
0.0
0.0
0.0
0.0
0.0
0.0
0.0
0.0
0.0
0.0
0.0
0.0
0.0
0.0
0.0
0.0
0.0
0.0
0.0
0.0
0.0
0.0
0.0
0.0
0.0
0.0
0.0
0.0
0.0
0.0
0.0
0.0
0.0
0.0
0.0
0.0
0.0
0.0
0.0
0.0
0.0
0.0
0.0
0.0
0.0
0.0
0.0
0.0
0.0
0.0
0.0
0.0
0.0
0.0
0.0
0.0
0.0
0.0
0.0
0.0
0.0
0.0
0.0
0.0
0.0
0.0
0.0
0.0
0.0
0.0
0.0
0.0
0.0
0.0
0.0
0.0
0.0
0.0
0.0
0.0
0.0
0.0
0.0
0.0
0.0
0.0
0.0
0.0
0.0
0.0
0.0
0.0
0.0
0.0
0.0
0.0
0.0
0.0
0.0
0.0
0.0
0.0
0.0
0.0
0.0
0.0
0.0
0.0
0.0
0.0
0.0
0.0
0.0
0.0
0.0
0.0
0.0
0.0
0.0
0.0
0.0
0.0
0.0
0.0
0.0
0.0
0.0
0.0
0.0
0.0
0.0
0.0
0.0
0.0
0.0
0.0
0.0
0.0
0.0
0.0
0.0
0.0
0.0
0.0
0.0
0.0
0.0
0.0
0.0
0.0
0.0
0.0
0.0
0.0
0.0
0.0
0.0
0.0
0.0
0.0
0.0
0.0
0.0
0.0
0.0
0.0
0.0
0.0
0.0
0.0
0.0
0.0
0.0
0.0
0.0
0.0
0.0
0.0
0.0
0.0
0.0
0.0
0.0
0.0
0.0
0.0
0.0
0.0
0.0
0.0
0.0
0.0
0.0
0.0
0.0
0.0
0.0
0.0
0.0
0.0
0.0
0.0
0.0
0.0
0.0
0.0
0.0
0.0
0.0
0.0
0.0
0.0
0.0
0.0
0.0
0.0
0.0
0.0
0.0
0.0
0.0
0.0
0.0
0.0
0.0
0.0
0.0
0.0
0.0
0.0
0.0
0.0
0.0
0.0
0.0
0.0
0.0
0.0
0.0
0.0
0.0
0.0
0.0
0.0
0.0
0.0
0.0
0.0
0.0
0.0
0.0
0.0
0.0
0.0
0.0
0.0
0.0
0.0
0.0
0.0
0.0
0.0
0.0
0.0
0.0
0.0
0.0
0.0
0.0
0.0
0.0
0.0
0.0
0.0
0.0
0.0
0.0
0.0
0.0
0.0
0.0
0.0
0.0
0.0
0.0
0.0
0.0
0.0
0.0
0.0
0.0
0.0
0.0
0.0
0.0
0.0
0.0
0.0
0.0
0.0
0.0
0.0
0.0
0.0
0.0
0.0
0.0
0.0
0.0
0.0
0.0
0.0
0.0
0.0
0.0
0.0
0.0
0.0
0.0
0.0
0.0
0.0
0.0
0.0
0.0
0.0
0.0
0.0
0.0
0.0
0.0
0.0
0.0
0.0
0.0
0.0
0.0
0.0
0.0
0.0
0.0
0.0
0.0
0.0
0.0
0.0
0.0
0.0
0.0
0.0
0.0
0.0
0.0
0.0
0.0
0.0
0.0
0.0
0.0
0.0
0.0
0.0
0.0
0.0
0.0
0.0
0.0
0.0
0.0
0.0
0.0
0.0
0.0
0.0
0.0
0.0
0.0
0.0
0.0
0.0
0.0
0.0
0.0
0.0
0.0
0.0
0.0
0.0
0.0
0.0
0.0
0.0
0.0
0.0
0.0
0.0
0.0
0.0
0.0
0.0
0.0
0.0
0.0
0.0
0.0
0.0
0.0
0.0
0.0
0.0
0.0
0.0
0.0
0.0
0.0
0.0
0.0
0.0
0.0
0.0
0.0
0.0
0.0
0.0
0.0
0.0
0.0
0.0
0.0
0.0
0.0
0.0
0.0
0.0
0.0
0.0
0.0
0.0
0.0
0.0
0.0
0.0
0.0
0.0
0.0
0.0
0.0
0.0
0.0
0.0
0.0
0.0
0.0
0.0
0.0
0.0
0.0
0.0
0.0
0.0
0.0
0.0
0.0
0.0
0.0
0.0
0.0
0.0
0.0
0.0
0.0
0.0
0.0
0.0
0.0
0.0
0.0
0.0
0.0
0.0
0.0
0.0
0.0
0.0
0.0
0.0
0.0
0.0
0.0
0.0
0.0
0.0
0.0
0.0
0.0
0.0
0.0
0.0
0.0
0.0
0.0
0.0
0.0
0.0
0.0
0.0
0.0
0.0
0.0
0.0
0.0
0.0
0.0
0.0
0.0
0.0
0.0
0.0
0.0
0.0
0.0
0.0
0.0
0.0
0.0
0.0
0.0
0.0
0.0
0.0
0.0
0.0
0.0
0.0
0.0
0.0
0.0
0.0
0.0
0.0
0.0
0.0
0.0
0.0
0.0
0.0
0.0
0.0
0.0
0.0
0.0
0.0
0.0
0.0
0.0
0.0
0.0
0.0
0.0
0.0
0.0
0.0
0.0
0.0
0.0
0.0
0.0
0.0
0.0
0.0
0.0
0.0
0.0
0.0
0.0
0.0
0.0
0.0
0.0
0.0
0.0
0.0
0.0
0.0
0.0
0.0
0.0
0.0
0.0
0.0
0.0
0.0
0.0
0.0
0.0
0.0
0.0
0.0
0.0
0.0
0.0
0.0
0.0
0.0
0.0
0.0
0.0
0.0
0.0
0.0
0.0
0.0
0.0
0.0
0.0
0.0
0.0
0.0
0.0
0.0
0.0
0.0
0.0
0.0
0.0
0.0
0.0
0.0
0.0
0.0
0.0
0.0
0.0
0.0
0.0
0.0
0.0
0.0
0.0
0.0
0.0
0.0
0.0
0.0
0.0
0.0
0.0
0.0
0.0
0.0
0.0
0.0
0.0
0.0
0.0
0.0
0.0
0.0
0.0
0.0
0.0
0.0
0.0
0.0
0.0
0.0
0.0
0.0
0.0
0.0
0.0
0.0
0.0
0.0
0.0
0.0
0.0
0.0
0.0
0.0
0.0
0.0
0.0
0.0
0.0
0.0
0.0
0.0
0.0
0.0
0.0
0.0
0.0
0.0
0.0
0.0
0.0
0.0
0.0
0.0
0.0
0.0
0.0
0.0
0.0
0.0
0.0
0.0
0.0
0.0
0.0
0.0
0.0
0.0
0.0
0.0
0.0
0.0
0.0
0.0
0.0
0.0
0.0
0.0
0.0
0.0
0.0
0.0
0.0
0.0
0.0
0.0
0.0
0.0
0.0
0.0
0.0
0.0
0.0
0.0
0.0
0.0
0.0
0.0
0.0
0.0
0.0
0.0
0.0
0.0
0.0
0.0
0.0
0.0
0.0
0.0
0.0
0.0
0.0
0.0
0.0
0.0
0.0
0.0
0.0
0.0
0.0
0.0
0.0
0.0
0.0
0.0
0.0
0.0
0.0
0.0
0.0
0.0
0.0
0.0
0.0
0.0
0.0
0.0
0.0
0.0
0.0
0.0
0.0
0.0
0.0
0.0
0.0
0.0
0.0
0.0
0.0
0.0
0.0
0.0
0.0
0.0
0.0
0.0
0.0
0.0
0.0
0.0
0.0
0.0
0.0
0.0
0.0
0.0
0.0
0.0
0.0
0.0
0.0
0.0
0.0
0.0
0.0
0.0
0.0
0.0
0.0
0.0
0.0
0.0
0.0
0.0
0.0
0.0
0.0
0.0
0.0
0.0
0.0
0.0
0.0
0.0
0.0
0.0
0.0
0.0
0.0
0.0
0.0
0.0
0.0
0.0
0.0
0.0
0.0
0.0
0.0
0.0
0.0
0.0
0.0
0.0
0.0
0.0
0.0
0.0
0.0
0.0
0.0
0.0
0.0
0.0
0.0
0.0
0.0
0.0
0.0
0.0
0.0
0.0
0.0
0.0
0.0
0.0
0.0
0.0
0.0
0.0
0.0
0.0
0.0
0.0
0.0
0.0
0.0
0.0
0.0
0.0
0.0
0.0
0.0
0.0
0.0
0.0
0.0
0.0
0.0
0.0
0.0
0.0
0.0
0.0
0.0
0.0
0.0
0.0
0.0
0.0
0.0
0.0
0.0
0.0
0.0
0.0
0.0
0.0
0.0
0.0
0.0
0.0
0.0
0.0
0.0
0.0
0.0
0.0
0.0
0.0
0.0
0.0
0.0
0.0
0.0
0.0
0.0
0.0
0.0
0.0
0.0
0.0
0.0
0.0
0.0
0.0
0.0
0.0
0.0
0.0
0.0
0.0
0.0
0.0
0.0
0.0
0.0
0.0
0.0
0.0
0.0
0.0
0.0
0.0
0.0
0.0
0.0
0.0
0.0
0.0
0.0
0.0
0.0
0.0
0.0
0.0
0.0
0.0
0.0
0.0
0.0
0.0
0.0
0.0
0.0
0.0
0.0
0.0
0.0
0.0
0.0
0.0
0.0
0.0
0.0
0.0
0.0
0.0
0.0
0.0
0.0
0.0
0.0
0.0
0.0
0.0
0.0
0.0
0.0
0.0
0.0
0.0
0.0
0.0
0.0
0.0
0.0
0.0
0.0
0.0
0.0
0.0
0.0
0.0
0.0
0.0
0.0
0.0
0.0
0.0
0.0
0.0
0.0
0.0
0.0
0.0
0.0
0.0
0.0
0.0
0.0
0.0
0.0
0.0
0.0
0.0
0.0
0.0
0.0
0.0
0.0
0.0
0.0
0.0
0.0
0.0
0.0
0.0
0.0
0.0
0.0
0.0
0.0
0.0
0.0
0.0
0.0
0.0
0.0
0.0
0.0
0.0
0.0
0.0
0.0
0.0
0.0
0.0
0.0
0.0
0.0
0.0
0.0
0.0
0.0
0.0
0.0
0.0
0.0
0.0
0.0
0.0
0.0
0.0
0.0
0.0
0.0
0.0
0.0
0.0
0.0
0.0
0.0
0.0
0.0
0.0
0.0
0.0
0.0
0.0
0.0
0.0
0.0
0.0
0.0
0.0
0.0
0.0
0.0
0.0
0.0
0.0
0.0
0.0
0.0
0.0
0.0
0.0
0.0
0.0
0.0
0.0
0.0
0.0
0.0
0.0
0.0
0.0
0.0
0.0
0.0
0.0
0.0
0.0
0.0
0.0
0.0
0.0
0.0
0.0
0.0
0.0
0.0
0.0
0.0
0.0
0.0
0.0
0.0
0.0
0.0
0.0
0.0
0.0
0.0
0.0
0.0
0.0
0.0
0.0
0.0
0.0
0.0
0.0
0.0
0.0
0.0
0.0
0.0
0.0
0.0
0.0
0.0
0.0
0.0
0.0
0.0
0.0
0.0
0.0
0.0
0.0
0.0
0.0
0.0
0.0
0.0
0.0
0.0
0.0
0.0
0.0
0.0
0.0
0.0
0.0
0.0
0.0
0.0
0.0
0.0
0.0
0.0
0.0
0.0
0.0
0.0
0.0
0.0
0.0
0.0
0.0
0.0
0.0
0.0
0.0
0.0
0.0
0.0
0.0
0.0
0.0
0.0
0.0
0.0
0.0
0.0
0.0
0.0
0.0
0.0
0.0
0.0
0.0
0.0
0.0
0.0
0.0
0.0
0.0
0.0
0.0
0.0
0.0
0.0
0.0
0.0
0.0
0.0
0.0
0.0
0.0
0.0
0.0
0.0
0.0
0.0
0.0
0.0
0.0
0.0
0.0
0.0
0.0
0.0
0.0
0.0
0.0
0.0
0.0
0.0
0.0
0.0
0.0
0.0
0.0
0.0
0.0
0.0
0.0
0.0
0.0
0.0
0.0
0.0
0.0
0.0
0.0
0.0
0.0
0.0
0.0
0.0
0.0
0.0
0.0
0.0
0.0
0.0
0.0
0.0
0.0
0.0
0.0
0.0
0.0
0.0
0.0
0.0
0.0
0.0
0.0
0.0
0.0
0.0
0.0
0.0
0.0
0.0
0.0
0.0
0.0
0.0
0.0
0.0
0.0
0.0
0.0
0.0
0.0
0.0
0.0
0.0
0.0
0.0
0.0
0.0
0.0
0.0
0.0
0.0
0.0
0.0
0.0
0.0
0.0
0.0
0.0
0.0
0.0
0.0
0.0
0.0
0.0
0.0
0.0
0.0
0.0
0.0
0.0
0.0
0.0
0.0
0.0
0.0
0.0
0.0
0.0
0.0
0.0
0.0
0.0
0.0
0.0
0.0
0.0
0.0
0.0
0.0
0.0
0.0
0.0
0.0
0.0
0.0
0.0
0.0
0.0
0.0
0.0
0.0
0.0
0.0
0.0
0.0
0.0
0.0
0.0
0.0
0.0
0.0
0.0
0.0
0.0
0.0
0.0
0.0
0.0
0.0
0.0
0.0
0.0
0.0
0.0
0.0
0.0
0.0
0.0
0.0
0.0
0.0
0.0
0.0
0.0
0.0
0.0
0.0
0.0
0.0
0.0
0.0
0.0
0.0
0.0
0.0
0.0
0.0
0.0
0.0
0.0
0.0
0.0
0.0
0.0
0.0
0.0
0.0
0.0
0.0
0.0
0.0
0.0
0.0
0.0
0.0
0.0
0.0
0.0
0.0
0.0
0.0
0.0
0.0
0.0
0.0
0.0
0.0
0.0
0.0
0.0
0.0
0.0
0.0
0.0
0.0
0.0
0.0
0.0
0.0
0.0
0.0
0.0
0.0
0.0
0.0
0.0
0.0
0.0
0.0
0.0
0.0
0.0
0.0
0.0
0.0
0.0
0.0
0.0
0.0
0.0
0.0
0.0
0.0
0.0
0.0
0.0
0.0
0.0
0.0
0.0
0.0
0.0
0.0
0.0
0.0
0.0
0.0
0.0
0.0
0.0
0.0
0.0
0.0
0.0
0.0
0.0
0.0
0.0
0.0
0.0
0.0
0.0
0.0
0.0
0.0
0.0
0.0
0.0
0.0
0.0
0.0
0.0
0.0
0.0
0.0
0.0
0.0
0.0
0.0
0.0
0.0
0.0
0.0
0.0
0.0
0.0
0.0
0.0
0.0
0.0
0.0
0.0
0.0
0.0
0.0
0.0
0.0
0.0
0.0
0.0
0.0
0.0
0.0
0.0
0.0
0.0
0.0
0.0
0.0
0.0
0.0
0.0
0.0
0.0
0.0
0.0
0.0
0.0
0.0
0.0
0.0
0.0
0.0
0.0
0.0
0.0
0.0
0.0
0.0
0.0
0.0
0.0
0.0
0.0
0.0
0.0
0.0
0.0
0.0
0.0
0.0
0.0
0.0
0.0
0.0
0.0
0.0
0.0
0.0
0.0
0.0
0.0
0.0
0.0
0.0
0.0
0.0
0.0
0.0
0.0
0.0
0.0
0.0
0.0
0.0
0.0
0.0
0.0
0.0
0.0
0.0
0.0
0.0
0.0
0.0
0.0
0.0
0.0
0.0
0.0
0.0
0.0
0.0
0.0
0.0
0.0
0.0
0.0
0.0
0.0
0.0
0.0
0.0
0.0
0.0
0.0
0.0
0.0
0.0
0.0
0.0
0.0
0.0
0.0
0.0
0.0
0.0
0.0
0.0
0.0
0.0
0.0
0.0
0.0
0.0
0.0
0.0
0.0
0.0
0.0
0.0
0.0
0.0
0.0
0.0
0.0
0.0
0.0
0.0
0.0
0.0
0.0
0.0
0.0
0.0
0.0
0.0
0.0
0.0
0.0
0.0
0.0
0.0
0.0
0.0
0.0
0.0
0.0
0.0
0.0
0.0
0.0
0.0
0.0
0.0
0.0
0.0
0.0
0.0
0.0
0.0
0.0
0.0
0.0
0.0
0.0
0.0
0.0
0.0
0.0
0.0
0.0
0.0
0.0
0.0
0.0
0.0
0.0
0.0
0.0
0.0
0.0
0.0
0.0
0.0
0.0
0.0
0.0
0.0
0.0
0.0
0.0
0.0
0.0
0.0
0.0
0.0
0.0
0.0
0.0
0.0
0.0
0.0
0.0
0.0
0.0
0.0
0.0
0.0
0.0
0.0
0.0
0.0
0.0
0.0
0.0
0.0
0.0
0.0
0.0
0.0
0.0
0.0
0.0
0.0
0.0
0.0
0.0
0.0
0.0
0.0
0.0
0.0
0.0
0.0
0.0
0.0
0.0
0.0
0.0
0.0
0.0
0.0
0.0
0.0
0.0
0.0
0.0
0.0
0.0
0.0
0.0
0.0
0.0
0.0
0.0
0.0
0.0
0.0
0.0
0.0
0.0
0.0
0.0
0.0
0.0
0.0
0.0
0.0
0.0
0.0
0.0
0.0
0.0
0.0
0.0
0.0
0.0
0.0
0.0
0.0
0.0
0.0
0.0
0.0
0.0
0.0
0.0
0.0
0.0
0.0
0.0
0.0
0.0
0.0
0.0
0.0
0.0
0.0
0.0
0.0
0.0
0.0
0.0
0.0
0.0
0.0
0.0
0.0
0.0
0.0
0.0
0.0
0.0
0.0
0.0
0.0
0.0
0.0
0.0
0.0
0.0
0.0
0.0
0.0
0.0
0.0
0.0
0.0
0.0
0.0
0.0
0.0
0.0
0.0
0.0
0.0
0.0
0.0
0.0
0.0
0.0
0.0
0.0
0.0
0.0
0.0
0.0
0.0
0.0
0.0
0.0
0.0
0.0
0.0
0.0
0.0
0.0
0.0
0.0
0.0
0.0
0.0
0.0
0.0
0.0
0.0
0.0
0.0
0.0
0.0
0.0
0.0
0.0
0.0
0.0
0.0
0.0
0.0
0.0
0.0
0.0
0.0
0.0
0.0
0.0
0.0
0.0
0.0
0.0
0.0
0.0
0.0
0.0
0.0
0.0
0.0
0.0
0.0
0.0
0.0
0.0
0.0
0.0
0.0
0.0
0.0
0.0
0.0
0.0
0.0
0.0
0.0
0.0
0.0
0.0
0.0
0.0
0.0
0.0
0.0
0.0
0.0
0.0
0.0
0.0
0.0
0.0
0.0
0.0
0.0
0.0
0.0
0.0
0.0
0.0
0.0
0.0
0.0
0.0
0.0
0.0
0.0
0.0
0.0
0.0
0.0
0.0
0.0
0.0
0.0
0.0
0.0
0.0
0.0
0.0
0.0
0.0
0.0
0.0
0.0
0.0
0.0
0.0
0.0
0.0
0.0
0.0
0.0
0.0
0.0
0.0
0.0
0.0
0.0
0.0
0.0
0.0
0.0
0.0
0.0
0.0
0.0
0.0
0.0
0.0
0.0
0.0
0.0
0.0
0.0
0.0
0.0
0.0
0.0
0.0
0.0
0.0
0.0
0.0
0.0
0.0
0.0
0.0
0.0
0.0
0.0
0.0
0.0
0.0
0.0
0.0
0.0
0.0
0.0
0.0
0.0
0.0
0.0
0.0
0.0
0.0
0.0
0.0
0.0
0.0
0.0
0.0
0.0
0.0
0.0
0.0
0.0
0.0
0.0
0.0
0.0
0.0
0.0
0.0
0.0
0.0
0.0
0.0
0.0
0.0
0.0
0.0
0.0
0.0
0.0
0.0
0.0
0.0
0.0
0.0
0.0
0.0
0.0
0.0
0.0
0.0
0.0
0.0
0.0
0.0
0.0
0.0
0.0
0.0
0.0
0.0
0.0
0.0
0.0
0.0
0.0
0.0
0.0
0.0
0.0
0.0
0.0
0.0
0.0
0.0
0.0
0.0
0.0
0.0
0.0
0.0
0.0
0.0
0.0
0.0
0.0
0.0
0.0
0.0
0.0
0.0
0.0
0.0
0.0
0.0
0.0
0.0
0.0
0.0
0.0
0.0
0.0
0.0
0.0
0.0
0.0
0.0
0.0
0.0
0.0
0.0
0.0
0.0
0.0
0.0
0.0
0.0
0.0
0.0
0.0
0.0
0.0
0.0
0.0
0.0
0.0
0.0
0.0
0.0
0.0
0.0
0.0
0.0
0.0
0.0
0.0
0.0
0.0
0.0
0.0
0.0
0.0
0.0
0.0
0.0
0.0
0.0
0.0
0.0
0.0
0.0
0.0
0.0
0.0
0.0
0.0
0.0
0.0
